[14-Jul-2025 22:56:45 America/Sao_Paulo] PHP Fatal error:  Uncaught PDOException: SQLSTATE[42S02]: Base table or view not found: 1146 Table 'u662866198_ferramentas.litoralrent_cadastroempresa' doesn't exist in /home/u662866198/domains/localferramentas.com/public_html/restrito/financeiro/cadastro-contrato.php:63
Stack trace:
#0 /home/u662866198/domains/localferramentas.com/public_html/restrito/financeiro/cadastro-contrato.php(63): PDO->query()
#1 {main}
  thrown in /home/u662866198/domains/localferramentas.com/public_html/restrito/financeiro/cadastro-contrato.php on line 63
[14-Jul-2025 22:56:48 America/Sao_Paulo] PHP Fatal error:  Uncaught PDOException: SQLSTATE[42S02]: Base table or view not found: 1146 Table 'u662866198_ferramentas.litoralrent_cadastroempresa' doesn't exist in /home/u662866198/domains/localferramentas.com/public_html/restrito/financeiro/cadastro-contrato.php:63
Stack trace:
#0 /home/u662866198/domains/localferramentas.com/public_html/restrito/financeiro/cadastro-contrato.php(63): PDO->query()
#1 {main}
  thrown in /home/u662866198/domains/localferramentas.com/public_html/restrito/financeiro/cadastro-contrato.php on line 63
[14-Jul-2025 22:57:23 America/Sao_Paulo] PHP Fatal error:  Uncaught PDOException: SQLSTATE[42S02]: Base table or view not found: 1146 Table 'u662866198_ferramentas.litoralrent_cadastroempresa' doesn't exist in /home/u662866198/domains/localferramentas.com/public_html/restrito/financeiro/cadastro-contrato.php:63
Stack trace:
#0 /home/u662866198/domains/localferramentas.com/public_html/restrito/financeiro/cadastro-contrato.php(63): PDO->query()
#1 {main}
  thrown in /home/u662866198/domains/localferramentas.com/public_html/restrito/financeiro/cadastro-contrato.php on line 63
[14-Jul-2025 23:00:25 America/Sao_Paulo] PHP Fatal error:  Uncaught PDOException: SQLSTATE[42S02]: Base table or view not found: 1146 Table 'u662866198_ferramentas.litoralrent_cadastroempresa' doesn't exist in /home/u662866198/domains/localferramentas.com/public_html/restrito/financeiro/cadastro-contrato.php:63
Stack trace:
#0 /home/u662866198/domains/localferramentas.com/public_html/restrito/financeiro/cadastro-contrato.php(63): PDO->query()
#1 {main}
  thrown in /home/u662866198/domains/localferramentas.com/public_html/restrito/financeiro/cadastro-contrato.php on line 63
[14-Jul-2025 23:02:14 America/Sao_Paulo] PHP Fatal error:  Uncaught PDOException: SQLSTATE[42S02]: Base table or view not found: 1146 Table 'u662866198_ferramentas.localferramentas_cadastroempresa' doesn't exist in /home/u662866198/domains/localferramentas.com/public_html/restrito/financeiro/cadastro-contrato.php:63
Stack trace:
#0 /home/u662866198/domains/localferramentas.com/public_html/restrito/financeiro/cadastro-contrato.php(63): PDO->query()
#1 {main}
  thrown in /home/u662866198/domains/localferramentas.com/public_html/restrito/financeiro/cadastro-contrato.php on line 63
[14-Jul-2025 23:07:40 America/Sao_Paulo] PHP Fatal error:  Uncaught PDOException: SQLSTATE[42S02]: Base table or view not found: 1146 Table 'u662866198_ferramentas.localferramentas_cadastroempresa' doesn't exist in /home/u662866198/domains/localferramentas.com/public_html/restrito/financeiro/cadastro-contrato.php:63
Stack trace:
#0 /home/u662866198/domains/localferramentas.com/public_html/restrito/financeiro/cadastro-contrato.php(63): PDO->query()
#1 {main}
  thrown in /home/u662866198/domains/localferramentas.com/public_html/restrito/financeiro/cadastro-contrato.php on line 63
[14-Jul-2025 23:12:00 America/Sao_Paulo] PHP Fatal error:  Uncaught PDOException: SQLSTATE[42S02]: Base table or view not found: 1146 Table 'u662866198_ferramentas.localferramentas_cadastroempresa' doesn't exist in /home/u662866198/domains/localferramentas.com/public_html/restrito/financeiro/cadastro-contrato.php:63
Stack trace:
#0 /home/u662866198/domains/localferramentas.com/public_html/restrito/financeiro/cadastro-contrato.php(63): PDO->query()
#1 {main}
  thrown in /home/u662866198/domains/localferramentas.com/public_html/restrito/financeiro/cadastro-contrato.php on line 63
[14-Jul-2025 23:12:08 America/Sao_Paulo] PHP Fatal error:  Uncaught PDOException: SQLSTATE[42S02]: Base table or view not found: 1146 Table 'u662866198_ferramentas.litoralrent_cadastroempresa' doesn't exist in /home/u662866198/domains/localferramentas.com/public_html/restrito/financeiro/cadastro-orcamento.php:57
Stack trace:
#0 /home/u662866198/domains/localferramentas.com/public_html/restrito/financeiro/cadastro-orcamento.php(57): PDO->query()
#1 {main}
  thrown in /home/u662866198/domains/localferramentas.com/public_html/restrito/financeiro/cadastro-orcamento.php on line 57
[15-Jul-2025 09:00:15 America/Sao_Paulo] PHP Fatal error:  Uncaught PDOException: SQLSTATE[42S02]: Base table or view not found: 1146 Table 'u662866198_ferramentas.litoralrent_cadastroempresa' doesn't exist in /home/u662866198/domains/localferramentas.com/public_html/restrito/financeiro/cadastro-orcamento.php:57
Stack trace:
#0 /home/u662866198/domains/localferramentas.com/public_html/restrito/financeiro/cadastro-orcamento.php(57): PDO->query()
#1 {main}
  thrown in /home/u662866198/domains/localferramentas.com/public_html/restrito/financeiro/cadastro-orcamento.php on line 57
[15-Jul-2025 19:12:41 America/Sao_Paulo] PHP Fatal error:  Uncaught PDOException: SQLSTATE[42S02]: Base table or view not found: 1146 Table 'u662866198_ferramentas.localferramentas_cadastroempresa' doesn't exist in /home/u662866198/domains/localferramentas.com/public_html/restrito/financeiro/cadastro-contrato.php:63
Stack trace:
#0 /home/u662866198/domains/localferramentas.com/public_html/restrito/financeiro/cadastro-contrato.php(63): PDO->query()
#1 {main}
  thrown in /home/u662866198/domains/localferramentas.com/public_html/restrito/financeiro/cadastro-contrato.php on line 63
[15-Jul-2025 19:12:47 America/Sao_Paulo] PHP Fatal error:  Uncaught PDOException: SQLSTATE[42S02]: Base table or view not found: 1146 Table 'u662866198_ferramentas.litoralrent_cadastroempresa' doesn't exist in /home/u662866198/domains/localferramentas.com/public_html/restrito/financeiro/cadastro-orcamento.php:57
Stack trace:
#0 /home/u662866198/domains/localferramentas.com/public_html/restrito/financeiro/cadastro-orcamento.php(57): PDO->query()
#1 {main}
  thrown in /home/u662866198/domains/localferramentas.com/public_html/restrito/financeiro/cadastro-orcamento.php on line 57
[15-Jul-2025 19:12:58 America/Sao_Paulo] PHP Fatal error:  Uncaught PDOException: SQLSTATE[42S02]: Base table or view not found: 1146 Table 'u662866198_ferramentas.localferramentas_cadastroempresa' doesn't exist in /home/u662866198/domains/localferramentas.com/public_html/restrito/financeiro/cadastro-contrato.php:63
Stack trace:
#0 /home/u662866198/domains/localferramentas.com/public_html/restrito/financeiro/cadastro-contrato.php(63): PDO->query()
#1 {main}
  thrown in /home/u662866198/domains/localferramentas.com/public_html/restrito/financeiro/cadastro-contrato.php on line 63
[15-Jul-2025 19:18:19 America/Sao_Paulo] PHP Fatal error:  Uncaught PDOException: SQLSTATE[42S02]: Base table or view not found: 1146 Table 'u662866198_ferramentas.localferramentas_cadastroempresa' doesn't exist in /home/u662866198/domains/localferramentas.com/public_html/restrito/financeiro/cadastro-contrato.php:63
Stack trace:
#0 /home/u662866198/domains/localferramentas.com/public_html/restrito/financeiro/cadastro-contrato.php(63): PDO->query()
#1 {main}
  thrown in /home/u662866198/domains/localferramentas.com/public_html/restrito/financeiro/cadastro-contrato.php on line 63
[15-Jul-2025 19:21:25 America/Sao_Paulo] PHP Fatal error:  Uncaught PDOException: SQLSTATE[42S02]: Base table or view not found: 1146 Table 'u662866198_ferramentas.localferramentas_cadastroempresa' doesn't exist in /home/u662866198/domains/localferramentas.com/public_html/restrito/financeiro/cadastro-contrato.php:63
Stack trace:
#0 /home/u662866198/domains/localferramentas.com/public_html/restrito/financeiro/cadastro-contrato.php(63): PDO->query()
#1 {main}
  thrown in /home/u662866198/domains/localferramentas.com/public_html/restrito/financeiro/cadastro-contrato.php on line 63
[15-Jul-2025 19:21:36 America/Sao_Paulo] PHP Fatal error:  Uncaught PDOException: SQLSTATE[42S02]: Base table or view not found: 1146 Table 'u662866198_ferramentas.localferramentas_cadastroempresa' doesn't exist in /home/u662866198/domains/localferramentas.com/public_html/restrito/financeiro/cadastro-contrato.php:63
Stack trace:
#0 /home/u662866198/domains/localferramentas.com/public_html/restrito/financeiro/cadastro-contrato.php(63): PDO->query()
#1 {main}
  thrown in /home/u662866198/domains/localferramentas.com/public_html/restrito/financeiro/cadastro-contrato.php on line 63
[15-Jul-2025 19:22:04 America/Sao_Paulo] PHP Fatal error:  Uncaught PDOException: SQLSTATE[42S02]: Base table or view not found: 1146 Table 'u662866198_ferramentas.localferramentas_cadastroempresa' doesn't exist in /home/u662866198/domains/localferramentas.com/public_html/restrito/financeiro/cadastro-contrato.php:63
Stack trace:
#0 /home/u662866198/domains/localferramentas.com/public_html/restrito/financeiro/cadastro-contrato.php(63): PDO->query()
#1 {main}
  thrown in /home/u662866198/domains/localferramentas.com/public_html/restrito/financeiro/cadastro-contrato.php on line 63
[15-Jul-2025 19:29:19 America/Sao_Paulo] PHP Fatal error:  Uncaught PDOException: SQLSTATE[42S02]: Base table or view not found: 1146 Table 'u662866198_ferramentas.localferramentas_cadastroempresa' doesn't exist in /home/u662866198/domains/localferramentas.com/public_html/restrito/financeiro/cadastro-contrato.php:63
Stack trace:
#0 /home/u662866198/domains/localferramentas.com/public_html/restrito/financeiro/cadastro-contrato.php(63): PDO->query()
#1 {main}
  thrown in /home/u662866198/domains/localferramentas.com/public_html/restrito/financeiro/cadastro-contrato.php on line 63
[15-Jul-2025 19:32:14 America/Sao_Paulo] PHP Fatal error:  Uncaught PDOException: SQLSTATE[42S02]: Base table or view not found: 1146 Table 'u662866198_ferramentas.litoralrent_cadastroempresa' doesn't exist in /home/u662866198/domains/localferramentas.com/public_html/restrito/financeiro/cadastro-orcamento.php:57
Stack trace:
#0 /home/u662866198/domains/localferramentas.com/public_html/restrito/financeiro/cadastro-orcamento.php(57): PDO->query()
#1 {main}
  thrown in /home/u662866198/domains/localferramentas.com/public_html/restrito/financeiro/cadastro-orcamento.php on line 57
[15-Jul-2025 19:32:57 America/Sao_Paulo] PHP Fatal error:  Uncaught PDOException: SQLSTATE[42S02]: Base table or view not found: 1146 Table 'u662866198_ferramentas.localferramentas_cadastroempresa' doesn't exist in /home/u662866198/domains/localferramentas.com/public_html/restrito/financeiro/cadastro-contrato.php:63
Stack trace:
#0 /home/u662866198/domains/localferramentas.com/public_html/restrito/financeiro/cadastro-contrato.php(63): PDO->query()
#1 {main}
  thrown in /home/u662866198/domains/localferramentas.com/public_html/restrito/financeiro/cadastro-contrato.php on line 63
[15-Jul-2025 19:35:38 America/Sao_Paulo] PHP Fatal error:  Uncaught PDOException: SQLSTATE[42S02]: Base table or view not found: 1146 Table 'u662866198_ferramentas.litoralrent_cadastroempresa' doesn't exist in /home/u662866198/domains/localferramentas.com/public_html/restrito/financeiro/cadastro-orcamento.php:57
Stack trace:
#0 /home/u662866198/domains/localferramentas.com/public_html/restrito/financeiro/cadastro-orcamento.php(57): PDO->query()
#1 {main}
  thrown in /home/u662866198/domains/localferramentas.com/public_html/restrito/financeiro/cadastro-orcamento.php on line 57
[15-Jul-2025 19:35:43 America/Sao_Paulo] PHP Fatal error:  Uncaught PDOException: SQLSTATE[42S02]: Base table or view not found: 1146 Table 'u662866198_ferramentas.litoralrent_cadastroempresa' doesn't exist in /home/u662866198/domains/localferramentas.com/public_html/restrito/financeiro/cadastro-orcamento.php:57
Stack trace:
#0 /home/u662866198/domains/localferramentas.com/public_html/restrito/financeiro/cadastro-orcamento.php(57): PDO->query()
#1 {main}
  thrown in /home/u662866198/domains/localferramentas.com/public_html/restrito/financeiro/cadastro-orcamento.php on line 57
[15-Jul-2025 19:35:54 America/Sao_Paulo] PHP Fatal error:  Uncaught PDOException: SQLSTATE[42S02]: Base table or view not found: 1146 Table 'u662866198_ferramentas.localferramentas_cadastroempresa' doesn't exist in /home/u662866198/domains/localferramentas.com/public_html/restrito/financeiro/cadastro-contrato.php:63
Stack trace:
#0 /home/u662866198/domains/localferramentas.com/public_html/restrito/financeiro/cadastro-contrato.php(63): PDO->query()
#1 {main}
  thrown in /home/u662866198/domains/localferramentas.com/public_html/restrito/financeiro/cadastro-contrato.php on line 63
[15-Jul-2025 19:36:46 America/Sao_Paulo] PHP Fatal error:  Uncaught PDOException: SQLSTATE[42S02]: Base table or view not found: 1146 Table 'u662866198_ferramentas.localferramentas_cadastroempresa' doesn't exist in /home/u662866198/domains/localferramentas.com/public_html/restrito/financeiro/cadastro-contrato.php:63
Stack trace:
#0 /home/u662866198/domains/localferramentas.com/public_html/restrito/financeiro/cadastro-contrato.php(63): PDO->query()
#1 {main}
  thrown in /home/u662866198/domains/localferramentas.com/public_html/restrito/financeiro/cadastro-contrato.php on line 63
[15-Jul-2025 19:37:03 America/Sao_Paulo] PHP Fatal error:  Uncaught PDOException: SQLSTATE[42S02]: Base table or view not found: 1146 Table 'u662866198_ferramentas.localferramentas_cadastroempresa' doesn't exist in /home/u662866198/domains/localferramentas.com/public_html/restrito/financeiro/cadastro-contrato.php:63
Stack trace:
#0 /home/u662866198/domains/localferramentas.com/public_html/restrito/financeiro/cadastro-contrato.php(63): PDO->query()
#1 {main}
  thrown in /home/u662866198/domains/localferramentas.com/public_html/restrito/financeiro/cadastro-contrato.php on line 63
[15-Jul-2025 19:37:43 America/Sao_Paulo] PHP Fatal error:  Uncaught PDOException: SQLSTATE[42S02]: Base table or view not found: 1146 Table 'u662866198_ferramentas.localferramentas_cadastroempresa' doesn't exist in /home/u662866198/domains/localferramentas.com/public_html/restrito/financeiro/cadastro-contrato.php:63
Stack trace:
#0 /home/u662866198/domains/localferramentas.com/public_html/restrito/financeiro/cadastro-contrato.php(63): PDO->query()
#1 {main}
  thrown in /home/u662866198/domains/localferramentas.com/public_html/restrito/financeiro/cadastro-contrato.php on line 63
[15-Jul-2025 19:39:10 America/Sao_Paulo] PHP Fatal error:  Uncaught PDOException: SQLSTATE[42S02]: Base table or view not found: 1146 Table 'u662866198_ferramentas.localferramentas_cadastroempresa' doesn't exist in /home/u662866198/domains/localferramentas.com/public_html/restrito/financeiro/cadastro-contrato.php:63
Stack trace:
#0 /home/u662866198/domains/localferramentas.com/public_html/restrito/financeiro/cadastro-contrato.php(63): PDO->query()
#1 {main}
  thrown in /home/u662866198/domains/localferramentas.com/public_html/restrito/financeiro/cadastro-contrato.php on line 63
[15-Jul-2025 19:43:18 America/Sao_Paulo] PHP Fatal error:  Uncaught PDOException: SQLSTATE[42S02]: Base table or view not found: 1146 Table 'u662866198_ferramentas.localferramentas_cadastroempresa' doesn't exist in /home/u662866198/domains/localferramentas.com/public_html/restrito/financeiro/cadastro-contrato.php:63
Stack trace:
#0 /home/u662866198/domains/localferramentas.com/public_html/restrito/financeiro/cadastro-contrato.php(63): PDO->query()
#1 {main}
  thrown in /home/u662866198/domains/localferramentas.com/public_html/restrito/financeiro/cadastro-contrato.php on line 63
[15-Jul-2025 19:46:22 America/Sao_Paulo] PHP Fatal error:  Uncaught PDOException: SQLSTATE[42S02]: Base table or view not found: 1146 Table 'u662866198_ferramentas.localferramentas_cadastroempresa' doesn't exist in /home/u662866198/domains/localferramentas.com/public_html/restrito/financeiro/cadastro-contrato.php:63
Stack trace:
#0 /home/u662866198/domains/localferramentas.com/public_html/restrito/financeiro/cadastro-contrato.php(63): PDO->query()
#1 {main}
  thrown in /home/u662866198/domains/localferramentas.com/public_html/restrito/financeiro/cadastro-contrato.php on line 63
[15-Jul-2025 20:02:45 America/Sao_Paulo] PHP Fatal error:  Uncaught PDOException: SQLSTATE[42S02]: Base table or view not found: 1146 Table 'u662866198_ferramentas.localferramentas_cadastroempresa' doesn't exist in /home/u662866198/domains/localferramentas.com/public_html/restrito/financeiro/cadastro-contrato.php:63
Stack trace:
#0 /home/u662866198/domains/localferramentas.com/public_html/restrito/financeiro/cadastro-contrato.php(63): PDO->query()
#1 {main}
  thrown in /home/u662866198/domains/localferramentas.com/public_html/restrito/financeiro/cadastro-contrato.php on line 63
[15-Jul-2025 20:52:40 America/Sao_Paulo] PHP Fatal error:  Uncaught PDOException: SQLSTATE[42S02]: Base table or view not found: 1146 Table 'u662866198_ferramentas.localferramentas_cadastroempresa' doesn't exist in /home/u662866198/domains/localferramentas.com/public_html/restrito/financeiro/cadastro-contrato.php:63
Stack trace:
#0 /home/u662866198/domains/localferramentas.com/public_html/restrito/financeiro/cadastro-contrato.php(63): PDO->query()
#1 {main}
  thrown in /home/u662866198/domains/localferramentas.com/public_html/restrito/financeiro/cadastro-contrato.php on line 63
[15-Jul-2025 20:52:47 America/Sao_Paulo] PHP Fatal error:  Uncaught PDOException: SQLSTATE[42S02]: Base table or view not found: 1146 Table 'u662866198_ferramentas.litoralrent_cadastroempresa' doesn't exist in /home/u662866198/domains/localferramentas.com/public_html/restrito/financeiro/cadastro-orcamento.php:57
Stack trace:
#0 /home/u662866198/domains/localferramentas.com/public_html/restrito/financeiro/cadastro-orcamento.php(57): PDO->query()
#1 {main}
  thrown in /home/u662866198/domains/localferramentas.com/public_html/restrito/financeiro/cadastro-orcamento.php on line 57
[15-Jul-2025 20:52:48 America/Sao_Paulo] PHP Fatal error:  Uncaught PDOException: SQLSTATE[42S02]: Base table or view not found: 1146 Table 'u662866198_ferramentas.litoralrent_cadastroempresa' doesn't exist in /home/u662866198/domains/localferramentas.com/public_html/restrito/financeiro/cadastro-orcamento.php:57
Stack trace:
#0 /home/u662866198/domains/localferramentas.com/public_html/restrito/financeiro/cadastro-orcamento.php(57): PDO->query()
#1 {main}
  thrown in /home/u662866198/domains/localferramentas.com/public_html/restrito/financeiro/cadastro-orcamento.php on line 57
[15-Jul-2025 21:02:57 America/Sao_Paulo] PHP Fatal error:  Uncaught PDOException: SQLSTATE[42S02]: Base table or view not found: 1146 Table 'u662866198_ferramentas.litoralrent_cadastroempresa' doesn't exist in /home/u662866198/domains/localferramentas.com/public_html/restrito/financeiro/cadastro-orcamento.php:57
Stack trace:
#0 /home/u662866198/domains/localferramentas.com/public_html/restrito/financeiro/cadastro-orcamento.php(57): PDO->query()
#1 {main}
  thrown in /home/u662866198/domains/localferramentas.com/public_html/restrito/financeiro/cadastro-orcamento.php on line 57
[15-Jul-2025 21:16:18 America/Sao_Paulo] PHP Fatal error:  Uncaught PDOException: SQLSTATE[42S02]: Base table or view not found: 1146 Table 'u662866198_ferramentas.litoralrent_cadastroempresa' doesn't exist in /home/u662866198/domains/localferramentas.com/public_html/restrito/financeiro/cadastro-orcamento.php:57
Stack trace:
#0 /home/u662866198/domains/localferramentas.com/public_html/restrito/financeiro/cadastro-orcamento.php(57): PDO->query()
#1 {main}
  thrown in /home/u662866198/domains/localferramentas.com/public_html/restrito/financeiro/cadastro-orcamento.php on line 57
[15-Jul-2025 21:22:10 America/Sao_Paulo] PHP Fatal error:  Uncaught PDOException: SQLSTATE[42S02]: Base table or view not found: 1146 Table 'u662866198_ferramentas.localferramentas_cadastroempresa' doesn't exist in /home/u662866198/domains/localferramentas.com/public_html/restrito/financeiro/cadastro-contrato.php:63
Stack trace:
#0 /home/u662866198/domains/localferramentas.com/public_html/restrito/financeiro/cadastro-contrato.php(63): PDO->query()
#1 {main}
  thrown in /home/u662866198/domains/localferramentas.com/public_html/restrito/financeiro/cadastro-contrato.php on line 63
[15-Jul-2025 21:22:50 America/Sao_Paulo] PHP Fatal error:  Uncaught PDOException: SQLSTATE[42S02]: Base table or view not found: 1146 Table 'u662866198_ferramentas.litoralrent_cadastroempresa' doesn't exist in /home/u662866198/domains/localferramentas.com/public_html/restrito/financeiro/cadastro-empresa.php:23
Stack trace:
#0 /home/u662866198/domains/localferramentas.com/public_html/restrito/financeiro/cadastro-empresa.php(23): PDO->prepare()
#1 {main}
  thrown in /home/u662866198/domains/localferramentas.com/public_html/restrito/financeiro/cadastro-empresa.php on line 23
[15-Jul-2025 21:23:18 America/Sao_Paulo] PHP Fatal error:  Uncaught PDOException: SQLSTATE[42S02]: Base table or view not found: 1146 Table 'u662866198_ferramentas.litoralrent_cadastroempresa' doesn't exist in /home/u662866198/domains/localferramentas.com/public_html/restrito/financeiro/cadastro-empresa.php:23
Stack trace:
#0 /home/u662866198/domains/localferramentas.com/public_html/restrito/financeiro/cadastro-empresa.php(23): PDO->prepare()
#1 {main}
  thrown in /home/u662866198/domains/localferramentas.com/public_html/restrito/financeiro/cadastro-empresa.php on line 23
[15-Jul-2025 21:23:57 America/Sao_Paulo] PHP Fatal error:  Uncaught PDOException: SQLSTATE[42S02]: Base table or view not found: 1146 Table 'u662866198_ferramentas.litoralrent_cadastroempresa' doesn't exist in /home/u662866198/domains/localferramentas.com/public_html/restrito/financeiro/cadastro-empresa.php:23
Stack trace:
#0 /home/u662866198/domains/localferramentas.com/public_html/restrito/financeiro/cadastro-empresa.php(23): PDO->prepare()
#1 {main}
  thrown in /home/u662866198/domains/localferramentas.com/public_html/restrito/financeiro/cadastro-empresa.php on line 23
[15-Jul-2025 21:26:21 America/Sao_Paulo] PHP Fatal error:  Uncaught PDOException: SQLSTATE[42S02]: Base table or view not found: 1146 Table 'u662866198_ferramentas.litoralrent_cadastroempresa' doesn't exist in /home/u662866198/domains/localferramentas.com/public_html/restrito/financeiro/cadastro-empresa.php:23
Stack trace:
#0 /home/u662866198/domains/localferramentas.com/public_html/restrito/financeiro/cadastro-empresa.php(23): PDO->prepare()
#1 {main}
  thrown in /home/u662866198/domains/localferramentas.com/public_html/restrito/financeiro/cadastro-empresa.php on line 23
[15-Jul-2025 21:28:01 America/Sao_Paulo] PHP Fatal error:  Uncaught PDOException: SQLSTATE[42S02]: Base table or view not found: 1146 Table 'u662866198_ferramentas.litoralrent_cadastroempresa' doesn't exist in /home/u662866198/domains/localferramentas.com/public_html/restrito/financeiro/cadastro-orcamento.php:57
Stack trace:
#0 /home/u662866198/domains/localferramentas.com/public_html/restrito/financeiro/cadastro-orcamento.php(57): PDO->query()
#1 {main}
  thrown in /home/u662866198/domains/localferramentas.com/public_html/restrito/financeiro/cadastro-orcamento.php on line 57
[15-Jul-2025 21:28:12 America/Sao_Paulo] PHP Fatal error:  Uncaught PDOException: SQLSTATE[42S02]: Base table or view not found: 1146 Table 'u662866198_ferramentas.litoralrent_cadastroempresa' doesn't exist in /home/u662866198/domains/localferramentas.com/public_html/restrito/financeiro/cadastro-orcamento.php:57
Stack trace:
#0 /home/u662866198/domains/localferramentas.com/public_html/restrito/financeiro/cadastro-orcamento.php(57): PDO->query()
#1 {main}
  thrown in /home/u662866198/domains/localferramentas.com/public_html/restrito/financeiro/cadastro-orcamento.php on line 57
[16-Jul-2025 08:12:24 America/Sao_Paulo] PHP Fatal error:  Uncaught PDOException: SQLSTATE[42S02]: Base table or view not found: 1146 Table 'u662866198_ferramentas.litoralrent_cadastroempresa' doesn't exist in /home/u662866198/domains/localferramentas.com/public_html/restrito/financeiro/cadastro-orcamento.php:57
Stack trace:
#0 /home/u662866198/domains/localferramentas.com/public_html/restrito/financeiro/cadastro-orcamento.php(57): PDO->query()
#1 {main}
  thrown in /home/u662866198/domains/localferramentas.com/public_html/restrito/financeiro/cadastro-orcamento.php on line 57
[16-Jul-2025 17:57:08 America/Sao_Paulo] PHP Fatal error:  Uncaught PDOException: SQLSTATE[42S02]: Base table or view not found: 1146 Table 'u662866198_ferramentas.litoralrent_cadastroempresa' doesn't exist in /home/u662866198/domains/localferramentas.com/public_html/restrito/financeiro/cadastro-orcamento.php:57
Stack trace:
#0 /home/u662866198/domains/localferramentas.com/public_html/restrito/financeiro/cadastro-orcamento.php(57): PDO->query()
#1 {main}
  thrown in /home/u662866198/domains/localferramentas.com/public_html/restrito/financeiro/cadastro-orcamento.php on line 57
[16-Jul-2025 18:14:39 America/Sao_Paulo] PHP Fatal error:  Uncaught PDOException: SQLSTATE[42S02]: Base table or view not found: 1146 Table 'u662866198_ferramentas.litoralrent_cadastroempresa' doesn't exist in /home/u662866198/domains/localferramentas.com/public_html/restrito/financeiro/cadastro-orcamento.php:57
Stack trace:
#0 /home/u662866198/domains/localferramentas.com/public_html/restrito/financeiro/cadastro-orcamento.php(57): PDO->query()
#1 {main}
  thrown in /home/u662866198/domains/localferramentas.com/public_html/restrito/financeiro/cadastro-orcamento.php on line 57
[17-Jul-2025 17:37:50 America/Sao_Paulo] PHP Fatal error:  Uncaught PDOException: SQLSTATE[42S02]: Base table or view not found: 1146 Table 'u662866198_ferramentas.litoralrent_cadastroempresa' doesn't exist in /home/u662866198/domains/localferramentas.com/public_html/restrito/financeiro/cadastro-orcamento.php:57
Stack trace:
#0 /home/u662866198/domains/localferramentas.com/public_html/restrito/financeiro/cadastro-orcamento.php(57): PDO->query()
#1 {main}
  thrown in /home/u662866198/domains/localferramentas.com/public_html/restrito/financeiro/cadastro-orcamento.php on line 57
[18-Jul-2025 09:00:19 America/Sao_Paulo] PHP Fatal error:  Uncaught PDOException: SQLSTATE[42S02]: Base table or view not found: 1146 Table 'u662866198_ferramentas.litoralrent_cadastroempresa' doesn't exist in /home/u662866198/domains/localferramentas.com/public_html/restrito/financeiro/cadastro-orcamento.php:57
Stack trace:
#0 /home/u662866198/domains/localferramentas.com/public_html/restrito/financeiro/cadastro-orcamento.php(57): PDO->query()
#1 {main}
  thrown in /home/u662866198/domains/localferramentas.com/public_html/restrito/financeiro/cadastro-orcamento.php on line 57
[18-Jul-2025 18:53:41 America/Sao_Paulo] PHP Fatal error:  Uncaught PDOException: SQLSTATE[42S02]: Base table or view not found: 1146 Table 'u662866198_ferramentas.litoralrent_cadastroempresa' doesn't exist in /home/u662866198/domains/localferramentas.com/public_html/restrito/financeiro/cadastro-orcamento.php:57
Stack trace:
#0 /home/u662866198/domains/localferramentas.com/public_html/restrito/financeiro/cadastro-orcamento.php(57): PDO->query()
#1 {main}
  thrown in /home/u662866198/domains/localferramentas.com/public_html/restrito/financeiro/cadastro-orcamento.php on line 57
[18-Jul-2025 18:54:40 America/Sao_Paulo] PHP Fatal error:  Uncaught PDOException: SQLSTATE[42S02]: Base table or view not found: 1146 Table 'u662866198_ferramentas.litoralrent_cadastroempresa' doesn't exist in /home/u662866198/domains/localferramentas.com/public_html/restrito/financeiro/cadastro-orcamento.php:57
Stack trace:
#0 /home/u662866198/domains/localferramentas.com/public_html/restrito/financeiro/cadastro-orcamento.php(57): PDO->query()
#1 {main}
  thrown in /home/u662866198/domains/localferramentas.com/public_html/restrito/financeiro/cadastro-orcamento.php on line 57
[18-Jul-2025 19:06:45 America/Sao_Paulo] PHP Fatal error:  Uncaught PDOException: SQLSTATE[42S02]: Base table or view not found: 1146 Table 'u662866198_ferramentas.litoralrent_cadastroempresa' doesn't exist in /home/u662866198/domains/localferramentas.com/public_html/restrito/financeiro/cadastro-orcamento.php:57
Stack trace:
#0 /home/u662866198/domains/localferramentas.com/public_html/restrito/financeiro/cadastro-orcamento.php(57): PDO->query()
#1 {main}
  thrown in /home/u662866198/domains/localferramentas.com/public_html/restrito/financeiro/cadastro-orcamento.php on line 57
[18-Jul-2025 19:07:13 America/Sao_Paulo] PHP Fatal error:  Uncaught PDOException: SQLSTATE[42S02]: Base table or view not found: 1146 Table 'u662866198_ferramentas.litoralrent_cadastroempresa' doesn't exist in /home/u662866198/domains/localferramentas.com/public_html/restrito/financeiro/cadastro-orcamento.php:57
Stack trace:
#0 /home/u662866198/domains/localferramentas.com/public_html/restrito/financeiro/cadastro-orcamento.php(57): PDO->query()
#1 {main}
  thrown in /home/u662866198/domains/localferramentas.com/public_html/restrito/financeiro/cadastro-orcamento.php on line 57
[18-Jul-2025 19:38:31 America/Sao_Paulo] PHP Fatal error:  Uncaught PDOException: SQLSTATE[42S02]: Base table or view not found: 1146 Table 'u662866198_ferramentas.litoralrent_cadastroempresa' doesn't exist in /home/u662866198/domains/localferramentas.com/public_html/restrito/financeiro/cadastro-orcamento.php:57
Stack trace:
#0 /home/u662866198/domains/localferramentas.com/public_html/restrito/financeiro/cadastro-orcamento.php(57): PDO->query()
#1 {main}
  thrown in /home/u662866198/domains/localferramentas.com/public_html/restrito/financeiro/cadastro-orcamento.php on line 57
[18-Jul-2025 20:01:57 America/Sao_Paulo] PHP Fatal error:  Uncaught PDOException: SQLSTATE[42S02]: Base table or view not found: 1146 Table 'u662866198_ferramentas.litoralrent_cadastroempresa' doesn't exist in /home/u662866198/domains/localferramentas.com/public_html/restrito/financeiro/cadastro-orcamento.php:57
Stack trace:
#0 /home/u662866198/domains/localferramentas.com/public_html/restrito/financeiro/cadastro-orcamento.php(57): PDO->query()
#1 {main}
  thrown in /home/u662866198/domains/localferramentas.com/public_html/restrito/financeiro/cadastro-orcamento.php on line 57
[18-Jul-2025 20:08:22 America/Sao_Paulo] PHP Fatal error:  Uncaught PDOException: SQLSTATE[42S02]: Base table or view not found: 1146 Table 'u662866198_ferramentas.litoralrent_cadastroempresa' doesn't exist in /home/u662866198/domains/localferramentas.com/public_html/restrito/financeiro/cadastro-orcamento.php:57
Stack trace:
#0 /home/u662866198/domains/localferramentas.com/public_html/restrito/financeiro/cadastro-orcamento.php(57): PDO->query()
#1 {main}
  thrown in /home/u662866198/domains/localferramentas.com/public_html/restrito/financeiro/cadastro-orcamento.php on line 57
[18-Jul-2025 20:08:34 America/Sao_Paulo] PHP Fatal error:  Uncaught PDOException: SQLSTATE[42S02]: Base table or view not found: 1146 Table 'u662866198_ferramentas.litoralrent_cadastroempresa' doesn't exist in /home/u662866198/domains/localferramentas.com/public_html/restrito/financeiro/cadastro-orcamento.php:57
Stack trace:
#0 /home/u662866198/domains/localferramentas.com/public_html/restrito/financeiro/cadastro-orcamento.php(57): PDO->query()
#1 {main}
  thrown in /home/u662866198/domains/localferramentas.com/public_html/restrito/financeiro/cadastro-orcamento.php on line 57
[18-Jul-2025 21:19:14 America/Sao_Paulo] PHP Fatal error:  Uncaught PDOException: SQLSTATE[42S02]: Base table or view not found: 1146 Table 'u662866198_ferramentas.litoralrent_cadastroempresa' doesn't exist in /home/u662866198/domains/localferramentas.com/public_html/restrito/financeiro/cadastro-orcamento.php:57
Stack trace:
#0 /home/u662866198/domains/localferramentas.com/public_html/restrito/financeiro/cadastro-orcamento.php(57): PDO->query()
#1 {main}
  thrown in /home/u662866198/domains/localferramentas.com/public_html/restrito/financeiro/cadastro-orcamento.php on line 57
[18-Jul-2025 21:26:47 America/Sao_Paulo] PHP Fatal error:  Uncaught PDOException: SQLSTATE[42S02]: Base table or view not found: 1146 Table 'u662866198_ferramentas.litoralrent_cadastroempresa' doesn't exist in /home/u662866198/domains/localferramentas.com/public_html/restrito/financeiro/cadastro-orcamento.php:57
Stack trace:
#0 /home/u662866198/domains/localferramentas.com/public_html/restrito/financeiro/cadastro-orcamento.php(57): PDO->query()
#1 {main}
  thrown in /home/u662866198/domains/localferramentas.com/public_html/restrito/financeiro/cadastro-orcamento.php on line 57
[18-Jul-2025 21:28:02 America/Sao_Paulo] PHP Fatal error:  Uncaught PDOException: SQLSTATE[42S02]: Base table or view not found: 1146 Table 'u662866198_ferramentas.litoralrent_cadastroempresa' doesn't exist in /home/u662866198/domains/localferramentas.com/public_html/restrito/financeiro/cadastro-orcamento.php:57
Stack trace:
#0 /home/u662866198/domains/localferramentas.com/public_html/restrito/financeiro/cadastro-orcamento.php(57): PDO->query()
#1 {main}
  thrown in /home/u662866198/domains/localferramentas.com/public_html/restrito/financeiro/cadastro-orcamento.php on line 57
[18-Jul-2025 21:35:06 America/Sao_Paulo] PHP Fatal error:  Uncaught PDOException: SQLSTATE[42S02]: Base table or view not found: 1146 Table 'u662866198_ferramentas.litoralrent_cadastroempresa' doesn't exist in /home/u662866198/domains/localferramentas.com/public_html/restrito/financeiro/cadastro-orcamento.php:57
Stack trace:
#0 /home/u662866198/domains/localferramentas.com/public_html/restrito/financeiro/cadastro-orcamento.php(57): PDO->query()
#1 {main}
  thrown in /home/u662866198/domains/localferramentas.com/public_html/restrito/financeiro/cadastro-orcamento.php on line 57
[18-Jul-2025 21:35:25 America/Sao_Paulo] PHP Fatal error:  Uncaught PDOException: SQLSTATE[42S02]: Base table or view not found: 1146 Table 'u662866198_ferramentas.litoralrent_cadastroempresa' doesn't exist in /home/u662866198/domains/localferramentas.com/public_html/restrito/financeiro/cadastro-orcamento.php:57
Stack trace:
#0 /home/u662866198/domains/localferramentas.com/public_html/restrito/financeiro/cadastro-orcamento.php(57): PDO->query()
#1 {main}
  thrown in /home/u662866198/domains/localferramentas.com/public_html/restrito/financeiro/cadastro-orcamento.php on line 57
[18-Jul-2025 21:53:14 America/Sao_Paulo] PHP Fatal error:  Uncaught PDOException: SQLSTATE[42S02]: Base table or view not found: 1146 Table 'u662866198_ferramentas.litoralrent_cadastroempresa' doesn't exist in /home/u662866198/domains/localferramentas.com/public_html/restrito/financeiro/cadastro-orcamento.php:57
Stack trace:
#0 /home/u662866198/domains/localferramentas.com/public_html/restrito/financeiro/cadastro-orcamento.php(57): PDO->query()
#1 {main}
  thrown in /home/u662866198/domains/localferramentas.com/public_html/restrito/financeiro/cadastro-orcamento.php on line 57
[18-Jul-2025 22:32:35 America/Sao_Paulo] PHP Fatal error:  Uncaught PDOException: SQLSTATE[42S02]: Base table or view not found: 1146 Table 'u662866198_ferramentas.litoralrent_cadastroempresa' doesn't exist in /home/u662866198/domains/localferramentas.com/public_html/restrito/financeiro/cadastro-orcamento.php:57
Stack trace:
#0 /home/u662866198/domains/localferramentas.com/public_html/restrito/financeiro/cadastro-orcamento.php(57): PDO->query()
#1 {main}
  thrown in /home/u662866198/domains/localferramentas.com/public_html/restrito/financeiro/cadastro-orcamento.php on line 57
[19-Jul-2025 18:06:36 America/Sao_Paulo] PHP Fatal error:  Uncaught PDOException: SQLSTATE[42S02]: Base table or view not found: 1146 Table 'u662866198_ferramentas.litoralrent_cadastroempresa' doesn't exist in /home/u662866198/domains/localferramentas.com/public_html/restrito/financeiro/cadastro-orcamento.php:57
Stack trace:
#0 /home/u662866198/domains/localferramentas.com/public_html/restrito/financeiro/cadastro-orcamento.php(57): PDO->query()
#1 {main}
  thrown in /home/u662866198/domains/localferramentas.com/public_html/restrito/financeiro/cadastro-orcamento.php on line 57
[21-Jul-2025 20:42:21 America/Sao_Paulo] PHP Fatal error:  Uncaught PDOException: SQLSTATE[42S02]: Base table or view not found: 1146 Table 'u662866198_ferramentas.litoralrent_cadastroempresa' doesn't exist in /home/u662866198/domains/localferramentas.com/public_html/restrito/financeiro/cadastro-orcamento.php:57
Stack trace:
#0 /home/u662866198/domains/localferramentas.com/public_html/restrito/financeiro/cadastro-orcamento.php(57): PDO->query()
#1 {main}
  thrown in /home/u662866198/domains/localferramentas.com/public_html/restrito/financeiro/cadastro-orcamento.php on line 57
[25-Jul-2025 19:18:21 America/Sao_Paulo] PHP Fatal error:  Uncaught PDOException: SQLSTATE[42S02]: Base table or view not found: 1146 Table 'u662866198_ferramentas.litoralrent_cadastroempresa' doesn't exist in /home/u662866198/domains/localferramentas.com/public_html/restrito/financeiro/cadastro-orcamento.php:57
Stack trace:
#0 /home/u662866198/domains/localferramentas.com/public_html/restrito/financeiro/cadastro-orcamento.php(57): PDO->query()
#1 {main}
  thrown in /home/u662866198/domains/localferramentas.com/public_html/restrito/financeiro/cadastro-orcamento.php on line 57
[30-Jul-2025 20:30:45 America/Sao_Paulo] PHP Fatal error:  Uncaught PDOException: SQLSTATE[42S02]: Base table or view not found: 1146 Table 'u662866198_ferramentas.litoralrent_cadastroempresa' doesn't exist in /home/u662866198/domains/localferramentas.com/public_html/restrito/financeiro/cadastro-orcamento.php:57
Stack trace:
#0 /home/u662866198/domains/localferramentas.com/public_html/restrito/financeiro/cadastro-orcamento.php(57): PDO->query()
#1 {main}
  thrown in /home/u662866198/domains/localferramentas.com/public_html/restrito/financeiro/cadastro-orcamento.php on line 57
[30-Jul-2025 20:30:55 America/Sao_Paulo] PHP Fatal error:  Uncaught PDOException: SQLSTATE[42S02]: Base table or view not found: 1146 Table 'u662866198_ferramentas.litoralrent_cadastroempresa' doesn't exist in /home/u662866198/domains/localferramentas.com/public_html/restrito/financeiro/cadastro-orcamento.php:57
Stack trace:
#0 /home/u662866198/domains/localferramentas.com/public_html/restrito/financeiro/cadastro-orcamento.php(57): PDO->query()
#1 {main}
  thrown in /home/u662866198/domains/localferramentas.com/public_html/restrito/financeiro/cadastro-orcamento.php on line 57
[30-Jul-2025 20:35:11 America/Sao_Paulo] PHP Fatal error:  Uncaught PDOException: SQLSTATE[42S02]: Base table or view not found: 1146 Table 'u662866198_ferramentas.litoralrent_cadastroempresa' doesn't exist in /home/u662866198/domains/localferramentas.com/public_html/restrito/financeiro/cadastro-orcamento.php:57
Stack trace:
#0 /home/u662866198/domains/localferramentas.com/public_html/restrito/financeiro/cadastro-orcamento.php(57): PDO->query()
#1 {main}
  thrown in /home/u662866198/domains/localferramentas.com/public_html/restrito/financeiro/cadastro-orcamento.php on line 57
[31-Jul-2025 08:13:50 America/Sao_Paulo] PHP Fatal error:  Uncaught PDOException: SQLSTATE[42S02]: Base table or view not found: 1146 Table 'u662866198_ferramentas.litoralrent_cadastroempresa' doesn't exist in /home/u662866198/domains/localferramentas.com/public_html/restrito/financeiro/cadastro-orcamento.php:57
Stack trace:
#0 /home/u662866198/domains/localferramentas.com/public_html/restrito/financeiro/cadastro-orcamento.php(57): PDO->query()
#1 {main}
  thrown in /home/u662866198/domains/localferramentas.com/public_html/restrito/financeiro/cadastro-orcamento.php on line 57
[31-Jul-2025 09:39:48 America/Sao_Paulo] PHP Fatal error:  Uncaught PDOException: SQLSTATE[42S02]: Base table or view not found: 1146 Table 'u662866198_ferramentas.litoralrent_cadastroempresa' doesn't exist in /home/u662866198/domains/localferramentas.com/public_html/restrito/financeiro/cadastro-orcamento.php:57
Stack trace:
#0 /home/u662866198/domains/localferramentas.com/public_html/restrito/financeiro/cadastro-orcamento.php(57): PDO->query()
#1 {main}
  thrown in /home/u662866198/domains/localferramentas.com/public_html/restrito/financeiro/cadastro-orcamento.php on line 57
[31-Jul-2025 13:30:54 America/Sao_Paulo] PHP Fatal error:  Uncaught PDOException: SQLSTATE[42S02]: Base table or view not found: 1146 Table 'u662866198_ferramentas.litoralrent_cadastroempresa' doesn't exist in /home/u662866198/domains/localferramentas.com/public_html/restrito/financeiro/cadastro-orcamento.php:57
Stack trace:
#0 /home/u662866198/domains/localferramentas.com/public_html/restrito/financeiro/cadastro-orcamento.php(57): PDO->query()
#1 {main}
  thrown in /home/u662866198/domains/localferramentas.com/public_html/restrito/financeiro/cadastro-orcamento.php on line 57
[31-Jul-2025 19:30:12 America/Sao_Paulo] PHP Fatal error:  Uncaught PDOException: SQLSTATE[42S02]: Base table or view not found: 1146 Table 'u662866198_ferramentas.litoralrent_cadastroempresa' doesn't exist in /home/u662866198/domains/localferramentas.com/public_html/restrito/financeiro/cadastro-orcamento.php:57
Stack trace:
#0 /home/u662866198/domains/localferramentas.com/public_html/restrito/financeiro/cadastro-orcamento.php(57): PDO->query()
#1 {main}
  thrown in /home/u662866198/domains/localferramentas.com/public_html/restrito/financeiro/cadastro-orcamento.php on line 57
[02-Aug-2025 14:08:26 America/Sao_Paulo] PHP Fatal error:  Uncaught PDOException: SQLSTATE[42S02]: Base table or view not found: 1146 Table 'u662866198_ferramentas.litoralrent_cadastroempresa' doesn't exist in /home/u662866198/domains/localferramentas.com/public_html/restrito/financeiro/cadastro-orcamento.php:57
Stack trace:
#0 /home/u662866198/domains/localferramentas.com/public_html/restrito/financeiro/cadastro-orcamento.php(57): PDO->query()
#1 {main}
  thrown in /home/u662866198/domains/localferramentas.com/public_html/restrito/financeiro/cadastro-orcamento.php on line 57
[02-Aug-2025 14:08:32 America/Sao_Paulo] PHP Fatal error:  Uncaught PDOException: SQLSTATE[42S02]: Base table or view not found: 1146 Table 'u662866198_ferramentas.litoralrent_cadastroempresa' doesn't exist in /home/u662866198/domains/localferramentas.com/public_html/restrito/financeiro/cadastro-orcamento.php:57
Stack trace:
#0 /home/u662866198/domains/localferramentas.com/public_html/restrito/financeiro/cadastro-orcamento.php(57): PDO->query()
#1 {main}
  thrown in /home/u662866198/domains/localferramentas.com/public_html/restrito/financeiro/cadastro-orcamento.php on line 57
[02-Aug-2025 14:22:17 America/Sao_Paulo] PHP Fatal error:  Uncaught PDOException: SQLSTATE[42S02]: Base table or view not found: 1146 Table 'u662866198_ferramentas.litoralrent_cadastroempresa' doesn't exist in /home/u662866198/domains/localferramentas.com/public_html/restrito/financeiro/cadastro-orcamento.php:57
Stack trace:
#0 /home/u662866198/domains/localferramentas.com/public_html/restrito/financeiro/cadastro-orcamento.php(57): PDO->query()
#1 {main}
  thrown in /home/u662866198/domains/localferramentas.com/public_html/restrito/financeiro/cadastro-orcamento.php on line 57
[02-Aug-2025 14:23:35 America/Sao_Paulo] PHP Fatal error:  Uncaught PDOException: SQLSTATE[42S02]: Base table or view not found: 1146 Table 'u662866198_ferramentas.litoralrent_cadastroempresa' doesn't exist in /home/u662866198/domains/localferramentas.com/public_html/restrito/financeiro/cadastro-orcamento.php:57
Stack trace:
#0 /home/u662866198/domains/localferramentas.com/public_html/restrito/financeiro/cadastro-orcamento.php(57): PDO->query()
#1 {main}
  thrown in /home/u662866198/domains/localferramentas.com/public_html/restrito/financeiro/cadastro-orcamento.php on line 57
[02-Aug-2025 14:23:44 America/Sao_Paulo] PHP Fatal error:  Uncaught PDOException: SQLSTATE[42S02]: Base table or view not found: 1146 Table 'u662866198_ferramentas.litoralrent_cadastroempresa' doesn't exist in /home/u662866198/domains/localferramentas.com/public_html/restrito/financeiro/cadastro-orcamento.php:57
Stack trace:
#0 /home/u662866198/domains/localferramentas.com/public_html/restrito/financeiro/cadastro-orcamento.php(57): PDO->query()
#1 {main}
  thrown in /home/u662866198/domains/localferramentas.com/public_html/restrito/financeiro/cadastro-orcamento.php on line 57
[02-Aug-2025 14:30:29 America/Sao_Paulo] PHP Fatal error:  Uncaught PDOException: SQLSTATE[42S02]: Base table or view not found: 1146 Table 'u662866198_ferramentas.litoralrent_cadastroempresa' doesn't exist in /home/u662866198/domains/localferramentas.com/public_html/restrito/financeiro/cadastro-orcamento.php:57
Stack trace:
#0 /home/u662866198/domains/localferramentas.com/public_html/restrito/financeiro/cadastro-orcamento.php(57): PDO->query()
#1 {main}
  thrown in /home/u662866198/domains/localferramentas.com/public_html/restrito/financeiro/cadastro-orcamento.php on line 57
[02-Aug-2025 14:30:32 America/Sao_Paulo] PHP Fatal error:  Uncaught PDOException: SQLSTATE[42S02]: Base table or view not found: 1146 Table 'u662866198_ferramentas.litoralrent_cadastroempresa' doesn't exist in /home/u662866198/domains/localferramentas.com/public_html/restrito/financeiro/cadastro-orcamento.php:57
Stack trace:
#0 /home/u662866198/domains/localferramentas.com/public_html/restrito/financeiro/cadastro-orcamento.php(57): PDO->query()
#1 {main}
  thrown in /home/u662866198/domains/localferramentas.com/public_html/restrito/financeiro/cadastro-orcamento.php on line 57
[02-Aug-2025 14:30:36 America/Sao_Paulo] PHP Fatal error:  Uncaught PDOException: SQLSTATE[42S02]: Base table or view not found: 1146 Table 'u662866198_ferramentas.litoralrent_cadastroempresa' doesn't exist in /home/u662866198/domains/localferramentas.com/public_html/restrito/financeiro/cadastro-orcamento.php:57
Stack trace:
#0 /home/u662866198/domains/localferramentas.com/public_html/restrito/financeiro/cadastro-orcamento.php(57): PDO->query()
#1 {main}
  thrown in /home/u662866198/domains/localferramentas.com/public_html/restrito/financeiro/cadastro-orcamento.php on line 57
[02-Aug-2025 14:34:21 America/Sao_Paulo] PHP Fatal error:  Uncaught PDOException: SQLSTATE[42S02]: Base table or view not found: 1146 Table 'u662866198_ferramentas.litoralrent_cadastroempresa' doesn't exist in /home/u662866198/domains/localferramentas.com/public_html/restrito/financeiro/cadastro-orcamento.php:57
Stack trace:
#0 /home/u662866198/domains/localferramentas.com/public_html/restrito/financeiro/cadastro-orcamento.php(57): PDO->query()
#1 {main}
  thrown in /home/u662866198/domains/localferramentas.com/public_html/restrito/financeiro/cadastro-orcamento.php on line 57
[02-Aug-2025 15:10:12 America/Sao_Paulo] PHP Fatal error:  Uncaught PDOException: SQLSTATE[42S02]: Base table or view not found: 1146 Table 'u662866198_ferramentas.litoralrent_cadastroempresa' doesn't exist in /home/u662866198/domains/localferramentas.com/public_html/restrito/financeiro/cadastro-orcamento.php:57
Stack trace:
#0 /home/u662866198/domains/localferramentas.com/public_html/restrito/financeiro/cadastro-orcamento.php(57): PDO->query()
#1 {main}
  thrown in /home/u662866198/domains/localferramentas.com/public_html/restrito/financeiro/cadastro-orcamento.php on line 57
[02-Aug-2025 15:10:19 America/Sao_Paulo] PHP Fatal error:  Uncaught PDOException: SQLSTATE[42S02]: Base table or view not found: 1146 Table 'u662866198_ferramentas.litoralrent_cadastroempresa' doesn't exist in /home/u662866198/domains/localferramentas.com/public_html/restrito/financeiro/cadastro-orcamento.php:57
Stack trace:
#0 /home/u662866198/domains/localferramentas.com/public_html/restrito/financeiro/cadastro-orcamento.php(57): PDO->query()
#1 {main}
  thrown in /home/u662866198/domains/localferramentas.com/public_html/restrito/financeiro/cadastro-orcamento.php on line 57
[02-Aug-2025 15:16:52 America/Sao_Paulo] PHP Fatal error:  Uncaught PDOException: SQLSTATE[42S02]: Base table or view not found: 1146 Table 'u662866198_ferramentas.litoralrent_cadastroempresa' doesn't exist in /home/u662866198/domains/localferramentas.com/public_html/restrito/financeiro/cadastro-orcamento.php:57
Stack trace:
#0 /home/u662866198/domains/localferramentas.com/public_html/restrito/financeiro/cadastro-orcamento.php(57): PDO->query()
#1 {main}
  thrown in /home/u662866198/domains/localferramentas.com/public_html/restrito/financeiro/cadastro-orcamento.php on line 57
[02-Aug-2025 15:16:54 America/Sao_Paulo] PHP Fatal error:  Uncaught PDOException: SQLSTATE[42S02]: Base table or view not found: 1146 Table 'u662866198_ferramentas.litoralrent_cadastroempresa' doesn't exist in /home/u662866198/domains/localferramentas.com/public_html/restrito/financeiro/cadastro-orcamento.php:57
Stack trace:
#0 /home/u662866198/domains/localferramentas.com/public_html/restrito/financeiro/cadastro-orcamento.php(57): PDO->query()
#1 {main}
  thrown in /home/u662866198/domains/localferramentas.com/public_html/restrito/financeiro/cadastro-orcamento.php on line 57
[02-Aug-2025 15:19:49 America/Sao_Paulo] PHP Fatal error:  Uncaught PDOException: SQLSTATE[42S02]: Base table or view not found: 1146 Table 'u662866198_ferramentas.litoralrent_cadastroempresa' doesn't exist in /home/u662866198/domains/localferramentas.com/public_html/restrito/financeiro/cadastro-orcamento.php:57
Stack trace:
#0 /home/u662866198/domains/localferramentas.com/public_html/restrito/financeiro/cadastro-orcamento.php(57): PDO->query()
#1 {main}
  thrown in /home/u662866198/domains/localferramentas.com/public_html/restrito/financeiro/cadastro-orcamento.php on line 57
