[15-Jul-2025 21:15:23 America/Sao_Paulo] PHP Fatal error:  Uncaught PDOException: SQLSTATE[42S02]: Base table or view not found: 1146 Table 'u662866198_ferramentas.litoralrent_cadastroempresa' doesn't exist in /home/u662866198/domains/localferramentas.com/public_html/restrito/financeiro/relatorio-contrato.php:407
Stack trace:
#0 /home/u662866198/domains/localferramentas.com/public_html/restrito/financeiro/relatorio-contrato.php(407): PDO->query()
#1 {main}
  thrown in /home/u662866198/domains/localferramentas.com/public_html/restrito/financeiro/relatorio-contrato.php on line 407
[15-Jul-2025 21:15:32 America/Sao_Paulo] PHP Fatal error:  Uncaught PDOException: SQLSTATE[42S02]: Base table or view not found: 1146 Table 'u662866198_ferramentas.litoralrent_cadastroempresa' doesn't exist in /home/u662866198/domains/localferramentas.com/public_html/restrito/financeiro/relatorio-contrato.php:407
Stack trace:
#0 /home/u662866198/domains/localferramentas.com/public_html/restrito/financeiro/relatorio-contrato.php(407): PDO->query()
#1 {main}
  thrown in /home/u662866198/domains/localferramentas.com/public_html/restrito/financeiro/relatorio-contrato.php on line 407
[15-Jul-2025 21:15:48 America/Sao_Paulo] PHP Fatal error:  Uncaught PDOException: SQLSTATE[42S02]: Base table or view not found: 1146 Table 'u662866198_ferramentas.litoralrent_cadastroempresa' doesn't exist in /home/u662866198/domains/localferramentas.com/public_html/restrito/financeiro/relatorio-contrato.php:407
Stack trace:
#0 /home/u662866198/domains/localferramentas.com/public_html/restrito/financeiro/relatorio-contrato.php(407): PDO->query()
#1 {main}
  thrown in /home/u662866198/domains/localferramentas.com/public_html/restrito/financeiro/relatorio-contrato.php on line 407
[15-Jul-2025 21:22:44 America/Sao_Paulo] PHP Fatal error:  Uncaught PDOException: SQLSTATE[42S02]: Base table or view not found: 1146 Table 'u662866198_ferramentas.litoralrent_cadastroempresa' doesn't exist in /home/u662866198/domains/localferramentas.com/public_html/restrito/financeiro/relatorio-contrato.php:407
Stack trace:
#0 /home/u662866198/domains/localferramentas.com/public_html/restrito/financeiro/relatorio-contrato.php(407): PDO->query()
#1 {main}
  thrown in /home/u662866198/domains/localferramentas.com/public_html/restrito/financeiro/relatorio-contrato.php on line 407
[15-Jul-2025 21:27:26 America/Sao_Paulo] PHP Fatal error:  Uncaught PDOException: SQLSTATE[42S02]: Base table or view not found: 1146 Table 'u662866198_ferramentas.litoralrent_cadastroempresa' doesn't exist in /home/u662866198/domains/localferramentas.com/public_html/restrito/financeiro/relatorio-contrato.php:407
Stack trace:
#0 /home/u662866198/domains/localferramentas.com/public_html/restrito/financeiro/relatorio-contrato.php(407): PDO->query()
#1 {main}
  thrown in /home/u662866198/domains/localferramentas.com/public_html/restrito/financeiro/relatorio-contrato.php on line 407
[15-Jul-2025 21:28:05 America/Sao_Paulo] PHP Fatal error:  Uncaught PDOException: SQLSTATE[42S02]: Base table or view not found: 1146 Table 'u662866198_ferramentas.litoralrent_cadastroempresa' doesn't exist in /home/u662866198/domains/localferramentas.com/public_html/restrito/financeiro/relatorio-contrato.php:407
Stack trace:
#0 /home/u662866198/domains/localferramentas.com/public_html/restrito/financeiro/relatorio-contrato.php(407): PDO->query()
#1 {main}
  thrown in /home/u662866198/domains/localferramentas.com/public_html/restrito/financeiro/relatorio-contrato.php on line 407
[15-Jul-2025 21:28:07 America/Sao_Paulo] PHP Fatal error:  Uncaught PDOException: SQLSTATE[42S02]: Base table or view not found: 1146 Table 'u662866198_ferramentas.litoralrent_cadastroempresa' doesn't exist in /home/u662866198/domains/localferramentas.com/public_html/restrito/financeiro/relatorio-contrato.php:407
Stack trace:
#0 /home/u662866198/domains/localferramentas.com/public_html/restrito/financeiro/relatorio-contrato.php(407): PDO->query()
#1 {main}
  thrown in /home/u662866198/domains/localferramentas.com/public_html/restrito/financeiro/relatorio-contrato.php on line 407
[16-Jul-2025 08:11:58 America/Sao_Paulo] PHP Fatal error:  Uncaught PDOException: SQLSTATE[42S02]: Base table or view not found: 1146 Table 'u662866198_ferramentas.litoralrent_cadastroempresa' doesn't exist in /home/u662866198/domains/localferramentas.com/public_html/restrito/financeiro/relatorio-contrato.php:407
Stack trace:
#0 /home/u662866198/domains/localferramentas.com/public_html/restrito/financeiro/relatorio-contrato.php(407): PDO->query()
#1 {main}
  thrown in /home/u662866198/domains/localferramentas.com/public_html/restrito/financeiro/relatorio-contrato.php on line 407
[16-Jul-2025 08:12:33 America/Sao_Paulo] PHP Fatal error:  Uncaught PDOException: SQLSTATE[42S02]: Base table or view not found: 1146 Table 'u662866198_ferramentas.litoralrent_cadastroempresa' doesn't exist in /home/u662866198/domains/localferramentas.com/public_html/restrito/financeiro/relatorio-contrato.php:407
Stack trace:
#0 /home/u662866198/domains/localferramentas.com/public_html/restrito/financeiro/relatorio-contrato.php(407): PDO->query()
#1 {main}
  thrown in /home/u662866198/domains/localferramentas.com/public_html/restrito/financeiro/relatorio-contrato.php on line 407
[16-Jul-2025 08:12:35 America/Sao_Paulo] PHP Fatal error:  Uncaught PDOException: SQLSTATE[42S02]: Base table or view not found: 1146 Table 'u662866198_ferramentas.litoralrent_cadastroempresa' doesn't exist in /home/u662866198/domains/localferramentas.com/public_html/restrito/financeiro/relatorio-contrato.php:407
Stack trace:
#0 /home/u662866198/domains/localferramentas.com/public_html/restrito/financeiro/relatorio-contrato.php(407): PDO->query()
#1 {main}
  thrown in /home/u662866198/domains/localferramentas.com/public_html/restrito/financeiro/relatorio-contrato.php on line 407
[16-Jul-2025 08:13:24 America/Sao_Paulo] PHP Fatal error:  Uncaught PDOException: SQLSTATE[42S02]: Base table or view not found: 1146 Table 'u662866198_ferramentas.litoralrent_cadastroempresa' doesn't exist in /home/u662866198/domains/localferramentas.com/public_html/restrito/financeiro/relatorio-contrato.php:407
Stack trace:
#0 /home/u662866198/domains/localferramentas.com/public_html/restrito/financeiro/relatorio-contrato.php(407): PDO->query()
#1 {main}
  thrown in /home/u662866198/domains/localferramentas.com/public_html/restrito/financeiro/relatorio-contrato.php on line 407
[16-Jul-2025 17:57:09 America/Sao_Paulo] PHP Fatal error:  Uncaught PDOException: SQLSTATE[42S02]: Base table or view not found: 1146 Table 'u662866198_ferramentas.litoralrent_cadastroempresa' doesn't exist in /home/u662866198/domains/localferramentas.com/public_html/restrito/financeiro/relatorio-contrato.php:407
Stack trace:
#0 /home/u662866198/domains/localferramentas.com/public_html/restrito/financeiro/relatorio-contrato.php(407): PDO->query()
#1 {main}
  thrown in /home/u662866198/domains/localferramentas.com/public_html/restrito/financeiro/relatorio-contrato.php on line 407
[16-Jul-2025 17:57:46 America/Sao_Paulo] PHP Fatal error:  Uncaught PDOException: SQLSTATE[42S02]: Base table or view not found: 1146 Table 'u662866198_ferramentas.litoralrent_cadastroempresa' doesn't exist in /home/u662866198/domains/localferramentas.com/public_html/restrito/financeiro/relatorio-contrato.php:407
Stack trace:
#0 /home/u662866198/domains/localferramentas.com/public_html/restrito/financeiro/relatorio-contrato.php(407): PDO->query()
#1 {main}
  thrown in /home/u662866198/domains/localferramentas.com/public_html/restrito/financeiro/relatorio-contrato.php on line 407
[16-Jul-2025 18:13:47 America/Sao_Paulo] PHP Fatal error:  Uncaught PDOException: SQLSTATE[42S02]: Base table or view not found: 1146 Table 'u662866198_ferramentas.litoralrent_cadastroempresa' doesn't exist in /home/u662866198/domains/localferramentas.com/public_html/restrito/financeiro/relatorio-contrato.php:407
Stack trace:
#0 /home/u662866198/domains/localferramentas.com/public_html/restrito/financeiro/relatorio-contrato.php(407): PDO->query()
#1 {main}
  thrown in /home/u662866198/domains/localferramentas.com/public_html/restrito/financeiro/relatorio-contrato.php on line 407
[16-Jul-2025 18:13:49 America/Sao_Paulo] PHP Fatal error:  Uncaught PDOException: SQLSTATE[42S02]: Base table or view not found: 1146 Table 'u662866198_ferramentas.litoralrent_cadastroempresa' doesn't exist in /home/u662866198/domains/localferramentas.com/public_html/restrito/financeiro/relatorio-contrato.php:407
Stack trace:
#0 /home/u662866198/domains/localferramentas.com/public_html/restrito/financeiro/relatorio-contrato.php(407): PDO->query()
#1 {main}
  thrown in /home/u662866198/domains/localferramentas.com/public_html/restrito/financeiro/relatorio-contrato.php on line 407
[16-Jul-2025 18:13:54 America/Sao_Paulo] PHP Fatal error:  Uncaught PDOException: SQLSTATE[42S02]: Base table or view not found: 1146 Table 'u662866198_ferramentas.litoralrent_cadastroempresa' doesn't exist in /home/u662866198/domains/localferramentas.com/public_html/restrito/financeiro/relatorio-contrato.php:407
Stack trace:
#0 /home/u662866198/domains/localferramentas.com/public_html/restrito/financeiro/relatorio-contrato.php(407): PDO->query()
#1 {main}
  thrown in /home/u662866198/domains/localferramentas.com/public_html/restrito/financeiro/relatorio-contrato.php on line 407
[16-Jul-2025 18:14:11 America/Sao_Paulo] PHP Fatal error:  Uncaught PDOException: SQLSTATE[42S02]: Base table or view not found: 1146 Table 'u662866198_ferramentas.litoralrent_cadastroempresa' doesn't exist in /home/u662866198/domains/localferramentas.com/public_html/restrito/financeiro/relatorio-contrato.php:407
Stack trace:
#0 /home/u662866198/domains/localferramentas.com/public_html/restrito/financeiro/relatorio-contrato.php(407): PDO->query()
#1 {main}
  thrown in /home/u662866198/domains/localferramentas.com/public_html/restrito/financeiro/relatorio-contrato.php on line 407
[16-Jul-2025 18:14:37 America/Sao_Paulo] PHP Fatal error:  Uncaught PDOException: SQLSTATE[42S02]: Base table or view not found: 1146 Table 'u662866198_ferramentas.litoralrent_cadastroempresa' doesn't exist in /home/u662866198/domains/localferramentas.com/public_html/restrito/financeiro/relatorio-contrato.php:407
Stack trace:
#0 /home/u662866198/domains/localferramentas.com/public_html/restrito/financeiro/relatorio-contrato.php(407): PDO->query()
#1 {main}
  thrown in /home/u662866198/domains/localferramentas.com/public_html/restrito/financeiro/relatorio-contrato.php on line 407
[16-Jul-2025 18:14:46 America/Sao_Paulo] PHP Fatal error:  Uncaught PDOException: SQLSTATE[42S02]: Base table or view not found: 1146 Table 'u662866198_ferramentas.litoralrent_cadastroempresa' doesn't exist in /home/u662866198/domains/localferramentas.com/public_html/restrito/financeiro/relatorio-contrato.php:407
Stack trace:
#0 /home/u662866198/domains/localferramentas.com/public_html/restrito/financeiro/relatorio-contrato.php(407): PDO->query()
#1 {main}
  thrown in /home/u662866198/domains/localferramentas.com/public_html/restrito/financeiro/relatorio-contrato.php on line 407
[16-Jul-2025 19:03:22 America/Sao_Paulo] PHP Fatal error:  Uncaught PDOException: SQLSTATE[42S02]: Base table or view not found: 1146 Table 'u662866198_ferramentas.litoralrent_cadastroempresa' doesn't exist in /home/u662866198/domains/localferramentas.com/public_html/restrito/financeiro/relatorio-contrato.php:407
Stack trace:
#0 /home/u662866198/domains/localferramentas.com/public_html/restrito/financeiro/relatorio-contrato.php(407): PDO->query()
#1 {main}
  thrown in /home/u662866198/domains/localferramentas.com/public_html/restrito/financeiro/relatorio-contrato.php on line 407
[16-Jul-2025 19:07:08 America/Sao_Paulo] PHP Fatal error:  Uncaught PDOException: SQLSTATE[42S02]: Base table or view not found: 1146 Table 'u662866198_ferramentas.litoralrent_cadastroempresa' doesn't exist in /home/u662866198/domains/localferramentas.com/public_html/restrito/financeiro/relatorio-contrato.php:407
Stack trace:
#0 /home/u662866198/domains/localferramentas.com/public_html/restrito/financeiro/relatorio-contrato.php(407): PDO->query()
#1 {main}
  thrown in /home/u662866198/domains/localferramentas.com/public_html/restrito/financeiro/relatorio-contrato.php on line 407
[17-Jul-2025 13:24:19 America/Sao_Paulo] PHP Fatal error:  Uncaught PDOException: SQLSTATE[42S02]: Base table or view not found: 1146 Table 'u662866198_ferramentas.litoralrent_cadastroempresa' doesn't exist in /home/u662866198/domains/localferramentas.com/public_html/restrito/financeiro/relatorio-contrato.php:407
Stack trace:
#0 /home/u662866198/domains/localferramentas.com/public_html/restrito/financeiro/relatorio-contrato.php(407): PDO->query()
#1 {main}
  thrown in /home/u662866198/domains/localferramentas.com/public_html/restrito/financeiro/relatorio-contrato.php on line 407
[17-Jul-2025 13:24:24 America/Sao_Paulo] PHP Fatal error:  Uncaught PDOException: SQLSTATE[42S02]: Base table or view not found: 1146 Table 'u662866198_ferramentas.litoralrent_cadastroempresa' doesn't exist in /home/u662866198/domains/localferramentas.com/public_html/restrito/financeiro/relatorio-contrato.php:407
Stack trace:
#0 /home/u662866198/domains/localferramentas.com/public_html/restrito/financeiro/relatorio-contrato.php(407): PDO->query()
#1 {main}
  thrown in /home/u662866198/domains/localferramentas.com/public_html/restrito/financeiro/relatorio-contrato.php on line 407
[17-Jul-2025 17:25:17 America/Sao_Paulo] PHP Fatal error:  Uncaught PDOException: SQLSTATE[42S02]: Base table or view not found: 1146 Table 'u662866198_ferramentas.litoralrent_cadastroempresa' doesn't exist in /home/u662866198/domains/localferramentas.com/public_html/restrito/financeiro/relatorio-contrato.php:407
Stack trace:
#0 /home/u662866198/domains/localferramentas.com/public_html/restrito/financeiro/relatorio-contrato.php(407): PDO->query()
#1 {main}
  thrown in /home/u662866198/domains/localferramentas.com/public_html/restrito/financeiro/relatorio-contrato.php on line 407
[17-Jul-2025 17:25:54 America/Sao_Paulo] PHP Fatal error:  Uncaught PDOException: SQLSTATE[42S02]: Base table or view not found: 1146 Table 'u662866198_ferramentas.litoralrent_cadastroempresa' doesn't exist in /home/u662866198/domains/localferramentas.com/public_html/restrito/financeiro/relatorio-contrato.php:407
Stack trace:
#0 /home/u662866198/domains/localferramentas.com/public_html/restrito/financeiro/relatorio-contrato.php(407): PDO->query()
#1 {main}
  thrown in /home/u662866198/domains/localferramentas.com/public_html/restrito/financeiro/relatorio-contrato.php on line 407
[17-Jul-2025 17:30:23 America/Sao_Paulo] PHP Fatal error:  Uncaught PDOException: SQLSTATE[42S02]: Base table or view not found: 1146 Table 'u662866198_ferramentas.litoralrent_cadastroempresa' doesn't exist in /home/u662866198/domains/localferramentas.com/public_html/restrito/financeiro/relatorio-contrato.php:407
Stack trace:
#0 /home/u662866198/domains/localferramentas.com/public_html/restrito/financeiro/relatorio-contrato.php(407): PDO->query()
#1 {main}
  thrown in /home/u662866198/domains/localferramentas.com/public_html/restrito/financeiro/relatorio-contrato.php on line 407
[17-Jul-2025 17:32:16 America/Sao_Paulo] PHP Fatal error:  Uncaught PDOException: SQLSTATE[42S02]: Base table or view not found: 1146 Table 'u662866198_ferramentas.litoralrent_cadastroempresa' doesn't exist in /home/u662866198/domains/localferramentas.com/public_html/restrito/financeiro/relatorio-contrato.php:407
Stack trace:
#0 /home/u662866198/domains/localferramentas.com/public_html/restrito/financeiro/relatorio-contrato.php(407): PDO->query()
#1 {main}
  thrown in /home/u662866198/domains/localferramentas.com/public_html/restrito/financeiro/relatorio-contrato.php on line 407
[17-Jul-2025 18:10:18 America/Sao_Paulo] PHP Fatal error:  Uncaught PDOException: SQLSTATE[42S02]: Base table or view not found: 1146 Table 'u662866198_ferramentas.litoralrent_cadastroempresa' doesn't exist in /home/u662866198/domains/localferramentas.com/public_html/restrito/financeiro/relatorio-contrato.php:407
Stack trace:
#0 /home/u662866198/domains/localferramentas.com/public_html/restrito/financeiro/relatorio-contrato.php(407): PDO->query()
#1 {main}
  thrown in /home/u662866198/domains/localferramentas.com/public_html/restrito/financeiro/relatorio-contrato.php on line 407
[18-Jul-2025 09:00:16 America/Sao_Paulo] PHP Fatal error:  Uncaught PDOException: SQLSTATE[42S02]: Base table or view not found: 1146 Table 'u662866198_ferramentas.litoralrent_cadastroempresa' doesn't exist in /home/u662866198/domains/localferramentas.com/public_html/restrito/financeiro/relatorio-contrato.php:407
Stack trace:
#0 /home/u662866198/domains/localferramentas.com/public_html/restrito/financeiro/relatorio-contrato.php(407): PDO->query()
#1 {main}
  thrown in /home/u662866198/domains/localferramentas.com/public_html/restrito/financeiro/relatorio-contrato.php on line 407
[18-Jul-2025 18:54:02 America/Sao_Paulo] PHP Fatal error:  Uncaught PDOException: SQLSTATE[42S02]: Base table or view not found: 1146 Table 'u662866198_ferramentas.litoralrent_cadastroempresa' doesn't exist in /home/u662866198/domains/localferramentas.com/public_html/restrito/financeiro/relatorio-contrato.php:407
Stack trace:
#0 /home/u662866198/domains/localferramentas.com/public_html/restrito/financeiro/relatorio-contrato.php(407): PDO->query()
#1 {main}
  thrown in /home/u662866198/domains/localferramentas.com/public_html/restrito/financeiro/relatorio-contrato.php on line 407
[18-Jul-2025 18:54:37 America/Sao_Paulo] PHP Fatal error:  Uncaught PDOException: SQLSTATE[42S02]: Base table or view not found: 1146 Table 'u662866198_ferramentas.litoralrent_cadastroempresa' doesn't exist in /home/u662866198/domains/localferramentas.com/public_html/restrito/financeiro/relatorio-contrato.php:407
Stack trace:
#0 /home/u662866198/domains/localferramentas.com/public_html/restrito/financeiro/relatorio-contrato.php(407): PDO->query()
#1 {main}
  thrown in /home/u662866198/domains/localferramentas.com/public_html/restrito/financeiro/relatorio-contrato.php on line 407
[18-Jul-2025 18:54:45 America/Sao_Paulo] PHP Fatal error:  Uncaught PDOException: SQLSTATE[42S02]: Base table or view not found: 1146 Table 'u662866198_ferramentas.litoralrent_cadastroempresa' doesn't exist in /home/u662866198/domains/localferramentas.com/public_html/restrito/financeiro/relatorio-contrato.php:407
Stack trace:
#0 /home/u662866198/domains/localferramentas.com/public_html/restrito/financeiro/relatorio-contrato.php(407): PDO->query()
#1 {main}
  thrown in /home/u662866198/domains/localferramentas.com/public_html/restrito/financeiro/relatorio-contrato.php on line 407
[18-Jul-2025 18:56:56 America/Sao_Paulo] PHP Fatal error:  Uncaught PDOException: SQLSTATE[42S02]: Base table or view not found: 1146 Table 'u662866198_ferramentas.litoralrent_cadastroempresa' doesn't exist in /home/u662866198/domains/localferramentas.com/public_html/restrito/financeiro/relatorio-contrato.php:407
Stack trace:
#0 /home/u662866198/domains/localferramentas.com/public_html/restrito/financeiro/relatorio-contrato.php(407): PDO->query()
#1 {main}
  thrown in /home/u662866198/domains/localferramentas.com/public_html/restrito/financeiro/relatorio-contrato.php on line 407
[18-Jul-2025 18:57:13 America/Sao_Paulo] PHP Fatal error:  Uncaught PDOException: SQLSTATE[42S02]: Base table or view not found: 1146 Table 'u662866198_ferramentas.litoralrent_cadastroempresa' doesn't exist in /home/u662866198/domains/localferramentas.com/public_html/restrito/financeiro/relatorio-contrato.php:407
Stack trace:
#0 /home/u662866198/domains/localferramentas.com/public_html/restrito/financeiro/relatorio-contrato.php(407): PDO->query()
#1 {main}
  thrown in /home/u662866198/domains/localferramentas.com/public_html/restrito/financeiro/relatorio-contrato.php on line 407
[18-Jul-2025 19:06:43 America/Sao_Paulo] PHP Fatal error:  Uncaught PDOException: SQLSTATE[42S02]: Base table or view not found: 1146 Table 'u662866198_ferramentas.litoralrent_cadastroempresa' doesn't exist in /home/u662866198/domains/localferramentas.com/public_html/restrito/financeiro/relatorio-contrato.php:407
Stack trace:
#0 /home/u662866198/domains/localferramentas.com/public_html/restrito/financeiro/relatorio-contrato.php(407): PDO->query()
#1 {main}
  thrown in /home/u662866198/domains/localferramentas.com/public_html/restrito/financeiro/relatorio-contrato.php on line 407
[18-Jul-2025 19:06:54 America/Sao_Paulo] PHP Fatal error:  Uncaught PDOException: SQLSTATE[42S02]: Base table or view not found: 1146 Table 'u662866198_ferramentas.litoralrent_cadastroempresa' doesn't exist in /home/u662866198/domains/localferramentas.com/public_html/restrito/financeiro/relatorio-contrato.php:407
Stack trace:
#0 /home/u662866198/domains/localferramentas.com/public_html/restrito/financeiro/relatorio-contrato.php(407): PDO->query()
#1 {main}
  thrown in /home/u662866198/domains/localferramentas.com/public_html/restrito/financeiro/relatorio-contrato.php on line 407
[18-Jul-2025 19:07:12 America/Sao_Paulo] PHP Fatal error:  Uncaught PDOException: SQLSTATE[42S02]: Base table or view not found: 1146 Table 'u662866198_ferramentas.litoralrent_cadastroempresa' doesn't exist in /home/u662866198/domains/localferramentas.com/public_html/restrito/financeiro/relatorio-contrato.php:407
Stack trace:
#0 /home/u662866198/domains/localferramentas.com/public_html/restrito/financeiro/relatorio-contrato.php(407): PDO->query()
#1 {main}
  thrown in /home/u662866198/domains/localferramentas.com/public_html/restrito/financeiro/relatorio-contrato.php on line 407
[18-Jul-2025 19:07:19 America/Sao_Paulo] PHP Fatal error:  Uncaught PDOException: SQLSTATE[42S02]: Base table or view not found: 1146 Table 'u662866198_ferramentas.litoralrent_cadastroempresa' doesn't exist in /home/u662866198/domains/localferramentas.com/public_html/restrito/financeiro/relatorio-contrato.php:407
Stack trace:
#0 /home/u662866198/domains/localferramentas.com/public_html/restrito/financeiro/relatorio-contrato.php(407): PDO->query()
#1 {main}
  thrown in /home/u662866198/domains/localferramentas.com/public_html/restrito/financeiro/relatorio-contrato.php on line 407
[18-Jul-2025 19:35:04 America/Sao_Paulo] PHP Fatal error:  Uncaught PDOException: SQLSTATE[42S02]: Base table or view not found: 1146 Table 'u662866198_ferramentas.litoralrent_cadastroempresa' doesn't exist in /home/u662866198/domains/localferramentas.com/public_html/restrito/financeiro/relatorio-contrato.php:407
Stack trace:
#0 /home/u662866198/domains/localferramentas.com/public_html/restrito/financeiro/relatorio-contrato.php(407): PDO->query()
#1 {main}
  thrown in /home/u662866198/domains/localferramentas.com/public_html/restrito/financeiro/relatorio-contrato.php on line 407
[18-Jul-2025 19:38:28 America/Sao_Paulo] PHP Fatal error:  Uncaught PDOException: SQLSTATE[42S02]: Base table or view not found: 1146 Table 'u662866198_ferramentas.litoralrent_cadastroempresa' doesn't exist in /home/u662866198/domains/localferramentas.com/public_html/restrito/financeiro/relatorio-contrato.php:407
Stack trace:
#0 /home/u662866198/domains/localferramentas.com/public_html/restrito/financeiro/relatorio-contrato.php(407): PDO->query()
#1 {main}
  thrown in /home/u662866198/domains/localferramentas.com/public_html/restrito/financeiro/relatorio-contrato.php on line 407
[18-Jul-2025 19:38:35 America/Sao_Paulo] PHP Fatal error:  Uncaught PDOException: SQLSTATE[42S02]: Base table or view not found: 1146 Table 'u662866198_ferramentas.litoralrent_cadastroempresa' doesn't exist in /home/u662866198/domains/localferramentas.com/public_html/restrito/financeiro/relatorio-contrato.php:407
Stack trace:
#0 /home/u662866198/domains/localferramentas.com/public_html/restrito/financeiro/relatorio-contrato.php(407): PDO->query()
#1 {main}
  thrown in /home/u662866198/domains/localferramentas.com/public_html/restrito/financeiro/relatorio-contrato.php on line 407
[18-Jul-2025 20:01:50 America/Sao_Paulo] PHP Fatal error:  Uncaught PDOException: SQLSTATE[42S02]: Base table or view not found: 1146 Table 'u662866198_ferramentas.litoralrent_cadastroempresa' doesn't exist in /home/u662866198/domains/localferramentas.com/public_html/restrito/financeiro/relatorio-contrato.php:407
Stack trace:
#0 /home/u662866198/domains/localferramentas.com/public_html/restrito/financeiro/relatorio-contrato.php(407): PDO->query()
#1 {main}
  thrown in /home/u662866198/domains/localferramentas.com/public_html/restrito/financeiro/relatorio-contrato.php on line 407
[18-Jul-2025 20:02:01 America/Sao_Paulo] PHP Fatal error:  Uncaught PDOException: SQLSTATE[42S02]: Base table or view not found: 1146 Table 'u662866198_ferramentas.litoralrent_cadastroempresa' doesn't exist in /home/u662866198/domains/localferramentas.com/public_html/restrito/financeiro/relatorio-contrato.php:407
Stack trace:
#0 /home/u662866198/domains/localferramentas.com/public_html/restrito/financeiro/relatorio-contrato.php(407): PDO->query()
#1 {main}
  thrown in /home/u662866198/domains/localferramentas.com/public_html/restrito/financeiro/relatorio-contrato.php on line 407
[18-Jul-2025 20:08:33 America/Sao_Paulo] PHP Fatal error:  Uncaught PDOException: SQLSTATE[42S02]: Base table or view not found: 1146 Table 'u662866198_ferramentas.litoralrent_cadastroempresa' doesn't exist in /home/u662866198/domains/localferramentas.com/public_html/restrito/financeiro/relatorio-contrato.php:407
Stack trace:
#0 /home/u662866198/domains/localferramentas.com/public_html/restrito/financeiro/relatorio-contrato.php(407): PDO->query()
#1 {main}
  thrown in /home/u662866198/domains/localferramentas.com/public_html/restrito/financeiro/relatorio-contrato.php on line 407
[18-Jul-2025 21:19:04 America/Sao_Paulo] PHP Fatal error:  Uncaught PDOException: SQLSTATE[42S02]: Base table or view not found: 1146 Table 'u662866198_ferramentas.litoralrent_cadastroempresa' doesn't exist in /home/u662866198/domains/localferramentas.com/public_html/restrito/financeiro/relatorio-contrato.php:407
Stack trace:
#0 /home/u662866198/domains/localferramentas.com/public_html/restrito/financeiro/relatorio-contrato.php(407): PDO->query()
#1 {main}
  thrown in /home/u662866198/domains/localferramentas.com/public_html/restrito/financeiro/relatorio-contrato.php on line 407
[18-Jul-2025 21:19:20 America/Sao_Paulo] PHP Fatal error:  Uncaught PDOException: SQLSTATE[42S02]: Base table or view not found: 1146 Table 'u662866198_ferramentas.litoralrent_cadastroempresa' doesn't exist in /home/u662866198/domains/localferramentas.com/public_html/restrito/financeiro/relatorio-contrato.php:407
Stack trace:
#0 /home/u662866198/domains/localferramentas.com/public_html/restrito/financeiro/relatorio-contrato.php(407): PDO->query()
#1 {main}
  thrown in /home/u662866198/domains/localferramentas.com/public_html/restrito/financeiro/relatorio-contrato.php on line 407
[18-Jul-2025 21:26:45 America/Sao_Paulo] PHP Fatal error:  Uncaught PDOException: SQLSTATE[42S02]: Base table or view not found: 1146 Table 'u662866198_ferramentas.litoralrent_cadastroempresa' doesn't exist in /home/u662866198/domains/localferramentas.com/public_html/restrito/financeiro/relatorio-contrato.php:407
Stack trace:
#0 /home/u662866198/domains/localferramentas.com/public_html/restrito/financeiro/relatorio-contrato.php(407): PDO->query()
#1 {main}
  thrown in /home/u662866198/domains/localferramentas.com/public_html/restrito/financeiro/relatorio-contrato.php on line 407
[18-Jul-2025 21:26:51 America/Sao_Paulo] PHP Fatal error:  Uncaught PDOException: SQLSTATE[42S02]: Base table or view not found: 1146 Table 'u662866198_ferramentas.litoralrent_cadastroempresa' doesn't exist in /home/u662866198/domains/localferramentas.com/public_html/restrito/financeiro/relatorio-contrato.php:407
Stack trace:
#0 /home/u662866198/domains/localferramentas.com/public_html/restrito/financeiro/relatorio-contrato.php(407): PDO->query()
#1 {main}
  thrown in /home/u662866198/domains/localferramentas.com/public_html/restrito/financeiro/relatorio-contrato.php on line 407
[18-Jul-2025 21:27:57 America/Sao_Paulo] PHP Fatal error:  Uncaught PDOException: SQLSTATE[42S02]: Base table or view not found: 1146 Table 'u662866198_ferramentas.litoralrent_cadastroempresa' doesn't exist in /home/u662866198/domains/localferramentas.com/public_html/restrito/financeiro/relatorio-contrato.php:407
Stack trace:
#0 /home/u662866198/domains/localferramentas.com/public_html/restrito/financeiro/relatorio-contrato.php(407): PDO->query()
#1 {main}
  thrown in /home/u662866198/domains/localferramentas.com/public_html/restrito/financeiro/relatorio-contrato.php on line 407
[18-Jul-2025 21:28:06 America/Sao_Paulo] PHP Fatal error:  Uncaught PDOException: SQLSTATE[42S02]: Base table or view not found: 1146 Table 'u662866198_ferramentas.litoralrent_cadastroempresa' doesn't exist in /home/u662866198/domains/localferramentas.com/public_html/restrito/financeiro/relatorio-contrato.php:407
Stack trace:
#0 /home/u662866198/domains/localferramentas.com/public_html/restrito/financeiro/relatorio-contrato.php(407): PDO->query()
#1 {main}
  thrown in /home/u662866198/domains/localferramentas.com/public_html/restrito/financeiro/relatorio-contrato.php on line 407
[18-Jul-2025 21:35:05 America/Sao_Paulo] PHP Fatal error:  Uncaught PDOException: SQLSTATE[42S02]: Base table or view not found: 1146 Table 'u662866198_ferramentas.litoralrent_cadastroempresa' doesn't exist in /home/u662866198/domains/localferramentas.com/public_html/restrito/financeiro/relatorio-contrato.php:407
Stack trace:
#0 /home/u662866198/domains/localferramentas.com/public_html/restrito/financeiro/relatorio-contrato.php(407): PDO->query()
#1 {main}
  thrown in /home/u662866198/domains/localferramentas.com/public_html/restrito/financeiro/relatorio-contrato.php on line 407
[18-Jul-2025 21:35:30 America/Sao_Paulo] PHP Fatal error:  Uncaught PDOException: SQLSTATE[42S02]: Base table or view not found: 1146 Table 'u662866198_ferramentas.litoralrent_cadastroempresa' doesn't exist in /home/u662866198/domains/localferramentas.com/public_html/restrito/financeiro/relatorio-contrato.php:407
Stack trace:
#0 /home/u662866198/domains/localferramentas.com/public_html/restrito/financeiro/relatorio-contrato.php(407): PDO->query()
#1 {main}
  thrown in /home/u662866198/domains/localferramentas.com/public_html/restrito/financeiro/relatorio-contrato.php on line 407
[18-Jul-2025 21:53:11 America/Sao_Paulo] PHP Fatal error:  Uncaught PDOException: SQLSTATE[42S02]: Base table or view not found: 1146 Table 'u662866198_ferramentas.litoralrent_cadastroempresa' doesn't exist in /home/u662866198/domains/localferramentas.com/public_html/restrito/financeiro/relatorio-contrato.php:407
Stack trace:
#0 /home/u662866198/domains/localferramentas.com/public_html/restrito/financeiro/relatorio-contrato.php(407): PDO->query()
#1 {main}
  thrown in /home/u662866198/domains/localferramentas.com/public_html/restrito/financeiro/relatorio-contrato.php on line 407
[18-Jul-2025 21:53:18 America/Sao_Paulo] PHP Fatal error:  Uncaught PDOException: SQLSTATE[42S02]: Base table or view not found: 1146 Table 'u662866198_ferramentas.litoralrent_cadastroempresa' doesn't exist in /home/u662866198/domains/localferramentas.com/public_html/restrito/financeiro/relatorio-contrato.php:407
Stack trace:
#0 /home/u662866198/domains/localferramentas.com/public_html/restrito/financeiro/relatorio-contrato.php(407): PDO->query()
#1 {main}
  thrown in /home/u662866198/domains/localferramentas.com/public_html/restrito/financeiro/relatorio-contrato.php on line 407
[18-Jul-2025 22:32:33 America/Sao_Paulo] PHP Fatal error:  Uncaught PDOException: SQLSTATE[42S02]: Base table or view not found: 1146 Table 'u662866198_ferramentas.litoralrent_cadastroempresa' doesn't exist in /home/u662866198/domains/localferramentas.com/public_html/restrito/financeiro/relatorio-contrato.php:407
Stack trace:
#0 /home/u662866198/domains/localferramentas.com/public_html/restrito/financeiro/relatorio-contrato.php(407): PDO->query()
#1 {main}
  thrown in /home/u662866198/domains/localferramentas.com/public_html/restrito/financeiro/relatorio-contrato.php on line 407
[18-Jul-2025 22:32:41 America/Sao_Paulo] PHP Fatal error:  Uncaught PDOException: SQLSTATE[42S02]: Base table or view not found: 1146 Table 'u662866198_ferramentas.litoralrent_cadastroempresa' doesn't exist in /home/u662866198/domains/localferramentas.com/public_html/restrito/financeiro/relatorio-contrato.php:407
Stack trace:
#0 /home/u662866198/domains/localferramentas.com/public_html/restrito/financeiro/relatorio-contrato.php(407): PDO->query()
#1 {main}
  thrown in /home/u662866198/domains/localferramentas.com/public_html/restrito/financeiro/relatorio-contrato.php on line 407
[19-Jul-2025 18:04:04 America/Sao_Paulo] PHP Fatal error:  Uncaught PDOException: SQLSTATE[42S02]: Base table or view not found: 1146 Table 'u662866198_ferramentas.litoralrent_cadastroempresa' doesn't exist in /home/u662866198/domains/localferramentas.com/public_html/restrito/financeiro/relatorio-contrato.php:407
Stack trace:
#0 /home/u662866198/domains/localferramentas.com/public_html/restrito/financeiro/relatorio-contrato.php(407): PDO->query()
#1 {main}
  thrown in /home/u662866198/domains/localferramentas.com/public_html/restrito/financeiro/relatorio-contrato.php on line 407
[19-Jul-2025 18:05:04 America/Sao_Paulo] PHP Fatal error:  Uncaught PDOException: SQLSTATE[42S02]: Base table or view not found: 1146 Table 'u662866198_ferramentas.litoralrent_cadastroempresa' doesn't exist in /home/u662866198/domains/localferramentas.com/public_html/restrito/financeiro/relatorio-contrato.php:407
Stack trace:
#0 /home/u662866198/domains/localferramentas.com/public_html/restrito/financeiro/relatorio-contrato.php(407): PDO->query()
#1 {main}
  thrown in /home/u662866198/domains/localferramentas.com/public_html/restrito/financeiro/relatorio-contrato.php on line 407
[19-Jul-2025 18:05:52 America/Sao_Paulo] PHP Fatal error:  Uncaught PDOException: SQLSTATE[42S02]: Base table or view not found: 1146 Table 'u662866198_ferramentas.litoralrent_cadastroempresa' doesn't exist in /home/u662866198/domains/localferramentas.com/public_html/restrito/financeiro/relatorio-contrato.php:407
Stack trace:
#0 /home/u662866198/domains/localferramentas.com/public_html/restrito/financeiro/relatorio-contrato.php(407): PDO->query()
#1 {main}
  thrown in /home/u662866198/domains/localferramentas.com/public_html/restrito/financeiro/relatorio-contrato.php on line 407
[19-Jul-2025 18:06:34 America/Sao_Paulo] PHP Fatal error:  Uncaught PDOException: SQLSTATE[42S02]: Base table or view not found: 1146 Table 'u662866198_ferramentas.litoralrent_cadastroempresa' doesn't exist in /home/u662866198/domains/localferramentas.com/public_html/restrito/financeiro/relatorio-contrato.php:407
Stack trace:
#0 /home/u662866198/domains/localferramentas.com/public_html/restrito/financeiro/relatorio-contrato.php(407): PDO->query()
#1 {main}
  thrown in /home/u662866198/domains/localferramentas.com/public_html/restrito/financeiro/relatorio-contrato.php on line 407
[21-Jul-2025 20:33:19 America/Sao_Paulo] PHP Fatal error:  Uncaught PDOException: SQLSTATE[42S02]: Base table or view not found: 1146 Table 'u662866198_ferramentas.litoralrent_cadastroempresa' doesn't exist in /home/u662866198/domains/localferramentas.com/public_html/restrito/financeiro/relatorio-contrato.php:407
Stack trace:
#0 /home/u662866198/domains/localferramentas.com/public_html/restrito/financeiro/relatorio-contrato.php(407): PDO->query()
#1 {main}
  thrown in /home/u662866198/domains/localferramentas.com/public_html/restrito/financeiro/relatorio-contrato.php on line 407
[30-Jul-2025 20:30:42 America/Sao_Paulo] PHP Fatal error:  Uncaught PDOException: SQLSTATE[42S02]: Base table or view not found: 1146 Table 'u662866198_ferramentas.litoralrent_cadastroempresa' doesn't exist in /home/u662866198/domains/localferramentas.com/public_html/restrito/financeiro/relatorio-contrato.php:407
Stack trace:
#0 /home/u662866198/domains/localferramentas.com/public_html/restrito/financeiro/relatorio-contrato.php(407): PDO->query()
#1 {main}
  thrown in /home/u662866198/domains/localferramentas.com/public_html/restrito/financeiro/relatorio-contrato.php on line 407
[30-Jul-2025 20:31:03 America/Sao_Paulo] PHP Fatal error:  Uncaught PDOException: SQLSTATE[42S02]: Base table or view not found: 1146 Table 'u662866198_ferramentas.litoralrent_cadastroempresa' doesn't exist in /home/u662866198/domains/localferramentas.com/public_html/restrito/financeiro/relatorio-contrato.php:407
Stack trace:
#0 /home/u662866198/domains/localferramentas.com/public_html/restrito/financeiro/relatorio-contrato.php(407): PDO->query()
#1 {main}
  thrown in /home/u662866198/domains/localferramentas.com/public_html/restrito/financeiro/relatorio-contrato.php on line 407
[30-Jul-2025 20:48:10 America/Sao_Paulo] PHP Fatal error:  Uncaught PDOException: SQLSTATE[42S02]: Base table or view not found: 1146 Table 'u662866198_ferramentas.litoralrent_cadastroempresa' doesn't exist in /home/u662866198/domains/localferramentas.com/public_html/restrito/financeiro/relatorio-contrato.php:407
Stack trace:
#0 /home/u662866198/domains/localferramentas.com/public_html/restrito/financeiro/relatorio-contrato.php(407): PDO->query()
#1 {main}
  thrown in /home/u662866198/domains/localferramentas.com/public_html/restrito/financeiro/relatorio-contrato.php on line 407
[31-Jul-2025 08:13:47 America/Sao_Paulo] PHP Fatal error:  Uncaught PDOException: SQLSTATE[42S22]: Column not found: 1054 Unknown column 'oculto' in 'WHERE' in /home/u662866198/domains/localferramentas.com/public_html/restrito/financeiro/relatorio-contrato.php:438
Stack trace:
#0 /home/u662866198/domains/localferramentas.com/public_html/restrito/financeiro/relatorio-contrato.php(438): PDO->query()
#1 {main}
  thrown in /home/u662866198/domains/localferramentas.com/public_html/restrito/financeiro/relatorio-contrato.php on line 438
[31-Jul-2025 08:13:56 America/Sao_Paulo] PHP Fatal error:  Uncaught PDOException: SQLSTATE[42S22]: Column not found: 1054 Unknown column 'oculto' in 'WHERE' in /home/u662866198/domains/localferramentas.com/public_html/restrito/financeiro/relatorio-contrato.php:438
Stack trace:
#0 /home/u662866198/domains/localferramentas.com/public_html/restrito/financeiro/relatorio-contrato.php(438): PDO->query()
#1 {main}
  thrown in /home/u662866198/domains/localferramentas.com/public_html/restrito/financeiro/relatorio-contrato.php on line 438
[31-Jul-2025 09:39:53 America/Sao_Paulo] PHP Fatal error:  Uncaught PDOException: SQLSTATE[42S22]: Column not found: 1054 Unknown column 'oculto' in 'WHERE' in /home/u662866198/domains/localferramentas.com/public_html/restrito/financeiro/relatorio-contrato.php:438
Stack trace:
#0 /home/u662866198/domains/localferramentas.com/public_html/restrito/financeiro/relatorio-contrato.php(438): PDO->query()
#1 {main}
  thrown in /home/u662866198/domains/localferramentas.com/public_html/restrito/financeiro/relatorio-contrato.php on line 438
[31-Jul-2025 13:30:59 America/Sao_Paulo] PHP Fatal error:  Uncaught PDOException: SQLSTATE[42S22]: Column not found: 1054 Unknown column 'oculto' in 'WHERE' in /home/u662866198/domains/localferramentas.com/public_html/restrito/financeiro/relatorio-contrato.php:438
Stack trace:
#0 /home/u662866198/domains/localferramentas.com/public_html/restrito/financeiro/relatorio-contrato.php(438): PDO->query()
#1 {main}
  thrown in /home/u662866198/domains/localferramentas.com/public_html/restrito/financeiro/relatorio-contrato.php on line 438
[31-Jul-2025 19:30:19 America/Sao_Paulo] PHP Fatal error:  Uncaught PDOException: SQLSTATE[42S22]: Column not found: 1054 Unknown column 'oculto' in 'WHERE' in /home/u662866198/domains/localferramentas.com/public_html/restrito/financeiro/relatorio-contrato.php:438
Stack trace:
#0 /home/u662866198/domains/localferramentas.com/public_html/restrito/financeiro/relatorio-contrato.php(438): PDO->query()
#1 {main}
  thrown in /home/u662866198/domains/localferramentas.com/public_html/restrito/financeiro/relatorio-contrato.php on line 438
[31-Jul-2025 19:36:11 America/Sao_Paulo] PHP Fatal error:  Uncaught PDOException: SQLSTATE[42S22]: Column not found: 1054 Unknown column 'oculto' in 'WHERE' in /home/u662866198/domains/localferramentas.com/public_html/restrito/financeiro/relatorio-contrato.php:438
Stack trace:
#0 /home/u662866198/domains/localferramentas.com/public_html/restrito/financeiro/relatorio-contrato.php(438): PDO->query()
#1 {main}
  thrown in /home/u662866198/domains/localferramentas.com/public_html/restrito/financeiro/relatorio-contrato.php on line 438
[31-Jul-2025 19:38:04 America/Sao_Paulo] PHP Fatal error:  Uncaught PDOException: SQLSTATE[42S22]: Column not found: 1054 Unknown column 'oculto' in 'WHERE' in /home/u662866198/domains/localferramentas.com/public_html/restrito/financeiro/relatorio-contrato.php:438
Stack trace:
#0 /home/u662866198/domains/localferramentas.com/public_html/restrito/financeiro/relatorio-contrato.php(438): PDO->query()
#1 {main}
  thrown in /home/u662866198/domains/localferramentas.com/public_html/restrito/financeiro/relatorio-contrato.php on line 438
[02-Aug-2025 14:08:23 America/Sao_Paulo] PHP Fatal error:  Uncaught PDOException: SQLSTATE[42S22]: Column not found: 1054 Unknown column 'oculto' in 'WHERE' in /home/u662866198/domains/localferramentas.com/public_html/restrito/financeiro/relatorio-contrato.php:438
Stack trace:
#0 /home/u662866198/domains/localferramentas.com/public_html/restrito/financeiro/relatorio-contrato.php(438): PDO->query()
#1 {main}
  thrown in /home/u662866198/domains/localferramentas.com/public_html/restrito/financeiro/relatorio-contrato.php on line 438
[02-Aug-2025 14:08:44 America/Sao_Paulo] PHP Fatal error:  Uncaught PDOException: SQLSTATE[42S22]: Column not found: 1054 Unknown column 'oculto' in 'WHERE' in /home/u662866198/domains/localferramentas.com/public_html/restrito/financeiro/relatorio-contrato.php:438
Stack trace:
#0 /home/u662866198/domains/localferramentas.com/public_html/restrito/financeiro/relatorio-contrato.php(438): PDO->query()
#1 {main}
  thrown in /home/u662866198/domains/localferramentas.com/public_html/restrito/financeiro/relatorio-contrato.php on line 438
[02-Aug-2025 14:09:50 America/Sao_Paulo] PHP Fatal error:  Uncaught PDOException: SQLSTATE[42S22]: Column not found: 1054 Unknown column 'oculto' in 'WHERE' in /home/u662866198/domains/localferramentas.com/public_html/restrito/financeiro/relatorio-contrato.php:438
Stack trace:
#0 /home/u662866198/domains/localferramentas.com/public_html/restrito/financeiro/relatorio-contrato.php(438): PDO->query()
#1 {main}
  thrown in /home/u662866198/domains/localferramentas.com/public_html/restrito/financeiro/relatorio-contrato.php on line 438
[02-Aug-2025 14:22:15 America/Sao_Paulo] PHP Fatal error:  Uncaught PDOException: SQLSTATE[42S22]: Column not found: 1054 Unknown column 'oculto' in 'WHERE' in /home/u662866198/domains/localferramentas.com/public_html/restrito/financeiro/relatorio-contrato.php:438
Stack trace:
#0 /home/u662866198/domains/localferramentas.com/public_html/restrito/financeiro/relatorio-contrato.php(438): PDO->query()
#1 {main}
  thrown in /home/u662866198/domains/localferramentas.com/public_html/restrito/financeiro/relatorio-contrato.php on line 438
[02-Aug-2025 14:23:34 America/Sao_Paulo] PHP Fatal error:  Uncaught PDOException: SQLSTATE[42S22]: Column not found: 1054 Unknown column 'oculto' in 'WHERE' in /home/u662866198/domains/localferramentas.com/public_html/restrito/financeiro/relatorio-contrato.php:438
Stack trace:
#0 /home/u662866198/domains/localferramentas.com/public_html/restrito/financeiro/relatorio-contrato.php(438): PDO->query()
#1 {main}
  thrown in /home/u662866198/domains/localferramentas.com/public_html/restrito/financeiro/relatorio-contrato.php on line 438
[02-Aug-2025 14:30:26 America/Sao_Paulo] PHP Fatal error:  Uncaught PDOException: SQLSTATE[42S22]: Column not found: 1054 Unknown column 'oculto' in 'WHERE' in /home/u662866198/domains/localferramentas.com/public_html/restrito/financeiro/relatorio-contrato.php:438
Stack trace:
#0 /home/u662866198/domains/localferramentas.com/public_html/restrito/financeiro/relatorio-contrato.php(438): PDO->query()
#1 {main}
  thrown in /home/u662866198/domains/localferramentas.com/public_html/restrito/financeiro/relatorio-contrato.php on line 438
[02-Aug-2025 14:34:19 America/Sao_Paulo] PHP Fatal error:  Uncaught PDOException: SQLSTATE[42S22]: Column not found: 1054 Unknown column 'oculto' in 'WHERE' in /home/u662866198/domains/localferramentas.com/public_html/restrito/financeiro/relatorio-contrato.php:438
Stack trace:
#0 /home/u662866198/domains/localferramentas.com/public_html/restrito/financeiro/relatorio-contrato.php(438): PDO->query()
#1 {main}
  thrown in /home/u662866198/domains/localferramentas.com/public_html/restrito/financeiro/relatorio-contrato.php on line 438
[02-Aug-2025 14:34:26 America/Sao_Paulo] PHP Fatal error:  Uncaught PDOException: SQLSTATE[42S22]: Column not found: 1054 Unknown column 'oculto' in 'WHERE' in /home/u662866198/domains/localferramentas.com/public_html/restrito/financeiro/relatorio-contrato.php:438
Stack trace:
#0 /home/u662866198/domains/localferramentas.com/public_html/restrito/financeiro/relatorio-contrato.php(438): PDO->query()
#1 {main}
  thrown in /home/u662866198/domains/localferramentas.com/public_html/restrito/financeiro/relatorio-contrato.php on line 438
[02-Aug-2025 14:35:21 America/Sao_Paulo] PHP Fatal error:  Uncaught PDOException: SQLSTATE[42S22]: Column not found: 1054 Unknown column 'oculto' in 'WHERE' in /home/u662866198/domains/localferramentas.com/public_html/restrito/financeiro/relatorio-contrato.php:438
Stack trace:
#0 /home/u662866198/domains/localferramentas.com/public_html/restrito/financeiro/relatorio-contrato.php(438): PDO->query()
#1 {main}
  thrown in /home/u662866198/domains/localferramentas.com/public_html/restrito/financeiro/relatorio-contrato.php on line 438
[02-Aug-2025 14:35:46 America/Sao_Paulo] PHP Fatal error:  Uncaught PDOException: SQLSTATE[42S22]: Column not found: 1054 Unknown column 'oculto' in 'WHERE' in /home/u662866198/domains/localferramentas.com/public_html/restrito/financeiro/relatorio-contrato.php:438
Stack trace:
#0 /home/u662866198/domains/localferramentas.com/public_html/restrito/financeiro/relatorio-contrato.php(438): PDO->query()
#1 {main}
  thrown in /home/u662866198/domains/localferramentas.com/public_html/restrito/financeiro/relatorio-contrato.php on line 438
[02-Aug-2025 14:38:13 America/Sao_Paulo] PHP Fatal error:  Uncaught PDOException: SQLSTATE[42S22]: Column not found: 1054 Unknown column 'oculto' in 'WHERE' in /home/u662866198/domains/localferramentas.com/public_html/restrito/financeiro/relatorio-contrato.php:438
Stack trace:
#0 /home/u662866198/domains/localferramentas.com/public_html/restrito/financeiro/relatorio-contrato.php(438): PDO->query()
#1 {main}
  thrown in /home/u662866198/domains/localferramentas.com/public_html/restrito/financeiro/relatorio-contrato.php on line 438
[02-Aug-2025 14:38:32 America/Sao_Paulo] PHP Fatal error:  Uncaught PDOException: SQLSTATE[42S22]: Column not found: 1054 Unknown column 'oculto' in 'WHERE' in /home/u662866198/domains/localferramentas.com/public_html/restrito/financeiro/relatorio-contrato.php:438
Stack trace:
#0 /home/u662866198/domains/localferramentas.com/public_html/restrito/financeiro/relatorio-contrato.php(438): PDO->query()
#1 {main}
  thrown in /home/u662866198/domains/localferramentas.com/public_html/restrito/financeiro/relatorio-contrato.php on line 438
[02-Aug-2025 14:42:03 America/Sao_Paulo] PHP Fatal error:  Uncaught PDOException: SQLSTATE[42S22]: Column not found: 1054 Unknown column 'oculto' in 'WHERE' in /home/u662866198/domains/localferramentas.com/public_html/restrito/financeiro/relatorio-contrato.php:438
Stack trace:
#0 /home/u662866198/domains/localferramentas.com/public_html/restrito/financeiro/relatorio-contrato.php(438): PDO->query()
#1 {main}
  thrown in /home/u662866198/domains/localferramentas.com/public_html/restrito/financeiro/relatorio-contrato.php on line 438
[02-Aug-2025 14:42:04 America/Sao_Paulo] PHP Fatal error:  Uncaught PDOException: SQLSTATE[42S22]: Column not found: 1054 Unknown column 'oculto' in 'WHERE' in /home/u662866198/domains/localferramentas.com/public_html/restrito/financeiro/relatorio-contrato.php:438
Stack trace:
#0 /home/u662866198/domains/localferramentas.com/public_html/restrito/financeiro/relatorio-contrato.php(438): PDO->query()
#1 {main}
  thrown in /home/u662866198/domains/localferramentas.com/public_html/restrito/financeiro/relatorio-contrato.php on line 438
[02-Aug-2025 15:10:06 America/Sao_Paulo] PHP Fatal error:  Uncaught PDOException: SQLSTATE[42S22]: Column not found: 1054 Unknown column 'oculto' in 'WHERE' in /home/u662866198/domains/localferramentas.com/public_html/restrito/financeiro/relatorio-contrato.php:438
Stack trace:
#0 /home/u662866198/domains/localferramentas.com/public_html/restrito/financeiro/relatorio-contrato.php(438): PDO->query()
#1 {main}
  thrown in /home/u662866198/domains/localferramentas.com/public_html/restrito/financeiro/relatorio-contrato.php on line 438
[02-Aug-2025 15:10:23 America/Sao_Paulo] PHP Fatal error:  Uncaught PDOException: SQLSTATE[42S22]: Column not found: 1054 Unknown column 'oculto' in 'WHERE' in /home/u662866198/domains/localferramentas.com/public_html/restrito/financeiro/relatorio-contrato.php:438
Stack trace:
#0 /home/u662866198/domains/localferramentas.com/public_html/restrito/financeiro/relatorio-contrato.php(438): PDO->query()
#1 {main}
  thrown in /home/u662866198/domains/localferramentas.com/public_html/restrito/financeiro/relatorio-contrato.php on line 438
[02-Aug-2025 15:12:38 America/Sao_Paulo] PHP Fatal error:  Uncaught PDOException: SQLSTATE[42S22]: Column not found: 1054 Unknown column 'oculto' in 'WHERE' in /home/u662866198/domains/localferramentas.com/public_html/restrito/financeiro/relatorio-contrato.php:438
Stack trace:
#0 /home/u662866198/domains/localferramentas.com/public_html/restrito/financeiro/relatorio-contrato.php(438): PDO->query()
#1 {main}
  thrown in /home/u662866198/domains/localferramentas.com/public_html/restrito/financeiro/relatorio-contrato.php on line 438
[02-Aug-2025 15:14:05 America/Sao_Paulo] PHP Fatal error:  Uncaught PDOException: SQLSTATE[42S22]: Column not found: 1054 Unknown column 'oculto' in 'WHERE' in /home/u662866198/domains/localferramentas.com/public_html/restrito/financeiro/relatorio-contrato.php:438
Stack trace:
#0 /home/u662866198/domains/localferramentas.com/public_html/restrito/financeiro/relatorio-contrato.php(438): PDO->query()
#1 {main}
  thrown in /home/u662866198/domains/localferramentas.com/public_html/restrito/financeiro/relatorio-contrato.php on line 438
[02-Aug-2025 15:16:47 America/Sao_Paulo] PHP Fatal error:  Uncaught PDOException: SQLSTATE[42S22]: Column not found: 1054 Unknown column 'oculto' in 'WHERE' in /home/u662866198/domains/localferramentas.com/public_html/restrito/financeiro/relatorio-contrato.php:438
Stack trace:
#0 /home/u662866198/domains/localferramentas.com/public_html/restrito/financeiro/relatorio-contrato.php(438): PDO->query()
#1 {main}
  thrown in /home/u662866198/domains/localferramentas.com/public_html/restrito/financeiro/relatorio-contrato.php on line 438
